<?xml version="1.0" encoding="UTF-8"?>
<coverage generated="1635932176430" clover="3.2.0">
  <project timestamp="1635932176430" name="All files">
    <metrics statements="11" coveredstatements="9" conditionals="458" coveredconditionals="11" methods="125" coveredmethods="13" elements="594" coveredelements="33" complexity="0" loc="11" ncloc="11" packages="1" files="1" classes="1"/>
    <file name="index.js" path="C:\material\Rollup+Esbuild\esbuildReplace\dist\index.js">
      <metrics statements="11" coveredstatements="9" conditionals="458" coveredconditionals="11" methods="125" coveredmethods="13"/>
      <line num="1" count="65" type="cond" truecount="8" falsecount="66"/>
      <line num="2" count="1" type="cond" truecount="0" falsecount="8"/>
      <line num="3" count="1" type="cond" truecount="0" falsecount="14"/>
      <line num="4" count="1" type="cond" truecount="0" falsecount="2"/>
      <line num="5" count="1" type="cond" truecount="0" falsecount="2"/>
      <line num="6" count="1" type="cond" truecount="0" falsecount="62"/>
      <line num="7" count="0" type="cond" truecount="0" falsecount="4"/>
      <line num="8" count="1" type="cond" truecount="0" falsecount="192"/>
      <line num="9" count="1" type="cond" truecount="0" falsecount="61"/>
      <line num="10" count="0" type="cond" truecount="0" falsecount="5"/>
      <line num="11" count="2" type="cond" truecount="3" falsecount="31"/>
    </file>
  </project>
</coverage>
