TN:
SF:dist\index.js
FN:1,(anonymous_0)
FN:1,(anonymous_1)
FN:1,(anonymous_2)
FN:1,(anonymous_3)
FN:1,(anonymous_4)
FN:1,n
FN:1,o
FN:1,u
FN:1,h
FN:1,(anonymous_9)
FN:1,i
FN:1,(anonymous_11)
FN:1,(anonymous_12)
FN:1,(anonymous_13)
FN:1,(anonymous_14)
FN:1,(anonymous_15)
FN:1,(anonymous_16)
FN:1,(anonymous_17)
FN:1,(anonymous_18)
FN:1,(anonymous_19)
FN:1,(anonymous_20)
FN:1,(anonymous_21)
FN:1,(anonymous_22)
FN:1,(anonymous_23)
FN:1,(anonymous_24)
FN:1,(anonymous_25)
FN:1,(anonymous_26)
FN:1,(anonymous_27)
FN:1,(anonymous_28)
FN:1,(anonymous_29)
FN:1,(anonymous_30)
FN:1,(anonymous_31)
FN:1,(anonymous_32)
FN:1,T
FN:2,(anonymous_34)
FN:2,(anonymous_35)
FN:2,(anonymous_36)
FN:2,F
FN:2,U
FN:2,M
FN:3,(anonymous_40)
FN:3,(anonymous_41)
FN:3,(anonymous_42)
FN:3,(anonymous_43)
FN:4,(anonymous_44)
FN:6,(anonymous_45)
FN:6,(anonymous_46)
FN:6,(anonymous_47)
FN:6,(anonymous_48)
FN:6,(anonymous_49)
FN:6,(anonymous_50)
FN:6,(anonymous_51)
FN:6,(anonymous_52)
FN:6,(anonymous_53)
FN:6,(anonymous_54)
FN:6,(anonymous_55)
FN:6,(anonymous_56)
FN:6,(anonymous_57)
FN:8,(anonymous_58)
FN:8,(anonymous_59)
FN:8,(anonymous_60)
FN:8,(anonymous_61)
FN:8,(anonymous_62)
FN:8,(anonymous_63)
FN:8,(anonymous_64)
FN:8,(anonymous_65)
FN:8,(anonymous_66)
FN:8,(anonymous_67)
FN:8,(anonymous_68)
FN:8,(anonymous_69)
FN:8,(anonymous_70)
FN:8,(anonymous_71)
FN:8,(anonymous_72)
FN:8,(anonymous_73)
FN:8,(anonymous_74)
FN:8,(anonymous_75)
FN:8,(anonymous_76)
FN:8,(anonymous_77)
FN:8,(anonymous_78)
FN:8,(anonymous_79)
FN:8,(anonymous_80)
FN:8,(anonymous_81)
FN:8,(anonymous_82)
FN:9,(anonymous_83)
FN:9,(anonymous_84)
FN:9,(anonymous_85)
FN:9,(anonymous_86)
FN:9,(anonymous_87)
FN:9,(anonymous_88)
FN:9,(anonymous_89)
FN:9,(anonymous_90)
FN:9,(anonymous_91)
FN:9,(anonymous_92)
FN:9,(anonymous_93)
FN:9,(anonymous_94)
FN:9,(anonymous_95)
FN:9,(anonymous_96)
FN:9,(anonymous_97)
FN:9,(anonymous_98)
FN:9,(anonymous_99)
FN:10,(anonymous_100)
FN:11,(anonymous_101)
FN:11,(anonymous_102)
FN:11,(anonymous_103)
FN:11,(anonymous_104)
FN:11,(anonymous_105)
FN:11,(anonymous_106)
FN:11,(anonymous_107)
FN:11,(anonymous_108)
FN:11,(anonymous_109)
FN:11,(anonymous_110)
FN:11,(anonymous_111)
FN:11,(anonymous_112)
FN:11,(anonymous_113)
FN:11,(anonymous_114)
FN:11,(anonymous_115)
FN:11,(anonymous_116)
FN:11,(anonymous_117)
FN:11,(anonymous_118)
FN:11,(anonymous_119)
FN:11,(anonymous_120)
FN:11,(anonymous_121)
FN:11,(anonymous_122)
FN:11,(anonymous_123)
FN:11,(anonymous_124)
FNF:125
FNH:13
FNDA:2,(anonymous_0)
FNDA:2,(anonymous_1)
FNDA:1,(anonymous_2)
FNDA:1,(anonymous_3)
FNDA:1,(anonymous_4)
FNDA:0,n
FNDA:0,o
FNDA:0,u
FNDA:0,h
FNDA:1,(anonymous_9)
FNDA:0,i
FNDA:0,(anonymous_11)
FNDA:0,(anonymous_12)
FNDA:0,(anonymous_13)
FNDA:0,(anonymous_14)
FNDA:0,(anonymous_15)
FNDA:0,(anonymous_16)
FNDA:0,(anonymous_17)
FNDA:0,(anonymous_18)
FNDA:0,(anonymous_19)
FNDA:0,(anonymous_20)
FNDA:0,(anonymous_21)
FNDA:0,(anonymous_22)
FNDA:0,(anonymous_23)
FNDA:0,(anonymous_24)
FNDA:0,(anonymous_25)
FNDA:0,(anonymous_26)
FNDA:0,(anonymous_27)
FNDA:0,(anonymous_28)
FNDA:0,(anonymous_29)
FNDA:0,(anonymous_30)
FNDA:0,(anonymous_31)
FNDA:0,(anonymous_32)
FNDA:0,T
FNDA:0,(anonymous_34)
FNDA:0,(anonymous_35)
FNDA:0,(anonymous_36)
FNDA:0,F
FNDA:0,U
FNDA:0,M
FNDA:0,(anonymous_40)
FNDA:0,(anonymous_41)
FNDA:0,(anonymous_42)
FNDA:0,(anonymous_43)
FNDA:0,(anonymous_44)
FNDA:0,(anonymous_45)
FNDA:0,(anonymous_46)
FNDA:0,(anonymous_47)
FNDA:0,(anonymous_48)
FNDA:0,(anonymous_49)
FNDA:0,(anonymous_50)
FNDA:0,(anonymous_51)
FNDA:0,(anonymous_52)
FNDA:0,(anonymous_53)
FNDA:0,(anonymous_54)
FNDA:0,(anonymous_55)
FNDA:0,(anonymous_56)
FNDA:0,(anonymous_57)
FNDA:0,(anonymous_58)
FNDA:0,(anonymous_59)
FNDA:0,(anonymous_60)
FNDA:0,(anonymous_61)
FNDA:0,(anonymous_62)
FNDA:0,(anonymous_63)
FNDA:0,(anonymous_64)
FNDA:0,(anonymous_65)
FNDA:0,(anonymous_66)
FNDA:0,(anonymous_67)
FNDA:0,(anonymous_68)
FNDA:0,(anonymous_69)
FNDA:0,(anonymous_70)
FNDA:0,(anonymous_71)
FNDA:0,(anonymous_72)
FNDA:0,(anonymous_73)
FNDA:0,(anonymous_74)
FNDA:0,(anonymous_75)
FNDA:0,(anonymous_76)
FNDA:0,(anonymous_77)
FNDA:0,(anonymous_78)
FNDA:0,(anonymous_79)
FNDA:0,(anonymous_80)
FNDA:0,(anonymous_81)
FNDA:0,(anonymous_82)
FNDA:0,(anonymous_83)
FNDA:0,(anonymous_84)
FNDA:0,(anonymous_85)
FNDA:0,(anonymous_86)
FNDA:0,(anonymous_87)
FNDA:0,(anonymous_88)
FNDA:0,(anonymous_89)
FNDA:0,(anonymous_90)
FNDA:0,(anonymous_91)
FNDA:0,(anonymous_92)
FNDA:0,(anonymous_93)
FNDA:0,(anonymous_94)
FNDA:0,(anonymous_95)
FNDA:0,(anonymous_96)
FNDA:0,(anonymous_97)
FNDA:0,(anonymous_98)
FNDA:0,(anonymous_99)
FNDA:0,(anonymous_100)
FNDA:0,(anonymous_101)
FNDA:0,(anonymous_102)
FNDA:0,(anonymous_103)
FNDA:0,(anonymous_104)
FNDA:0,(anonymous_105)
FNDA:0,(anonymous_106)
FNDA:0,(anonymous_107)
FNDA:0,(anonymous_108)
FNDA:0,(anonymous_109)
FNDA:0,(anonymous_110)
FNDA:0,(anonymous_111)
FNDA:0,(anonymous_112)
FNDA:2,(anonymous_113)
FNDA:0,(anonymous_114)
FNDA:1,(anonymous_115)
FNDA:1,(anonymous_116)
FNDA:2,(anonymous_117)
FNDA:1,(anonymous_118)
FNDA:0,(anonymous_119)
FNDA:1,(anonymous_120)
FNDA:1,(anonymous_121)
FNDA:0,(anonymous_122)
FNDA:0,(anonymous_123)
FNDA:0,(anonymous_124)
DA:1,65
DA:2,1
DA:3,1
DA:4,1
DA:5,1
DA:6,1
DA:7,0
DA:8,1
DA:9,1
DA:10,0
DA:11,2
LF:11
LH:9
BRDA:1,0,0,2
BRDA:1,0,1,2
BRDA:1,1,0,1
BRDA:1,1,1,0
BRDA:1,2,0,1
BRDA:1,2,1,1
BRDA:1,3,0,0
BRDA:1,3,1,0
BRDA:1,4,0,0
BRDA:1,4,1,0
BRDA:1,5,0,0
BRDA:1,5,1,0
BRDA:1,6,0,0
BRDA:1,6,1,0
BRDA:1,7,0,0
BRDA:1,7,1,0
BRDA:1,8,0,0
BRDA:1,8,1,0
BRDA:1,9,0,0
BRDA:1,9,1,0
BRDA:1,10,0,0
BRDA:1,10,1,0
BRDA:1,11,0,0
BRDA:1,11,1,0
BRDA:1,12,0,0
BRDA:1,12,1,0
BRDA:1,13,0,0
BRDA:1,13,1,0
BRDA:1,14,0,0
BRDA:1,14,1,0
BRDA:1,15,0,0
BRDA:1,15,1,0
BRDA:1,16,0,0
BRDA:1,16,1,0
BRDA:1,17,0,0
BRDA:1,17,1,0
BRDA:1,18,0,0
BRDA:1,18,1,0
BRDA:1,19,0,0
BRDA:1,19,1,0
BRDA:1,20,0,0
BRDA:1,20,1,0
BRDA:1,21,0,0
BRDA:1,21,1,0
BRDA:1,22,0,0
BRDA:1,22,1,0
BRDA:1,23,0,0
BRDA:1,23,1,0
BRDA:1,24,0,0
BRDA:1,24,1,0
BRDA:1,25,0,0
BRDA:1,25,1,0
BRDA:1,26,0,0
BRDA:1,26,1,0
BRDA:1,27,0,0
BRDA:1,27,1,0
BRDA:1,28,0,0
BRDA:1,28,1,0
BRDA:1,29,0,0
BRDA:1,29,1,0
BRDA:1,30,0,0
BRDA:1,30,1,0
BRDA:1,31,0,0
BRDA:1,31,1,0
BRDA:1,32,0,0
BRDA:1,32,1,0
BRDA:1,33,0,0
BRDA:1,33,1,0
BRDA:1,34,0,1
BRDA:1,34,1,0
BRDA:1,35,0,1
BRDA:1,35,1,1
BRDA:1,36,0,0
BRDA:1,36,1,0
BRDA:2,37,0,0
BRDA:2,37,1,0
BRDA:2,38,0,0
BRDA:2,38,1,0
BRDA:2,39,0,0
BRDA:2,39,1,0
BRDA:2,40,0,0
BRDA:2,40,1,0
BRDA:3,41,0,0
BRDA:3,41,1,0
BRDA:3,42,0,0
BRDA:3,42,1,0
BRDA:3,43,0,0
BRDA:3,43,1,0
BRDA:3,44,0,0
BRDA:3,44,1,0
BRDA:3,45,0,0
BRDA:3,45,1,0
BRDA:3,45,2,0
BRDA:3,45,3,0
BRDA:3,46,0,0
BRDA:3,46,1,0
BRDA:4,47,0,0
BRDA:4,47,1,0
BRDA:5,48,0,0
BRDA:5,48,1,0
BRDA:6,49,0,0
BRDA:6,49,1,0
BRDA:6,50,0,0
BRDA:6,50,1,0
BRDA:6,51,0,0
BRDA:6,51,1,0
BRDA:6,52,0,0
BRDA:6,52,1,0
BRDA:6,53,0,0
BRDA:6,53,1,0
BRDA:6,54,0,0
BRDA:6,54,1,0
BRDA:6,55,0,0
BRDA:6,55,1,0
BRDA:6,56,0,0
BRDA:6,56,1,0
BRDA:6,57,0,0
BRDA:6,57,1,0
BRDA:6,58,0,0
BRDA:6,58,1,0
BRDA:6,59,0,0
BRDA:6,59,1,0
BRDA:6,60,0,0
BRDA:6,60,1,0
BRDA:6,61,0,0
BRDA:6,61,1,0
BRDA:6,62,0,0
BRDA:6,62,1,0
BRDA:6,63,0,0
BRDA:6,63,1,0
BRDA:6,64,0,0
BRDA:6,64,1,0
BRDA:6,65,0,0
BRDA:6,65,1,0
BRDA:6,66,0,0
BRDA:6,66,1,0
BRDA:6,67,0,0
BRDA:6,67,1,0
BRDA:6,68,0,0
BRDA:6,68,1,0
BRDA:6,69,0,0
BRDA:6,69,1,0
BRDA:6,70,0,0
BRDA:6,70,1,0
BRDA:6,71,0,0
BRDA:6,71,1,0
BRDA:6,72,0,0
BRDA:6,72,1,0
BRDA:6,73,0,0
BRDA:6,73,1,0
BRDA:6,74,0,0
BRDA:6,74,1,0
BRDA:6,75,0,0
BRDA:6,75,1,0
BRDA:6,76,0,0
BRDA:6,76,1,0
BRDA:6,77,0,0
BRDA:6,77,1,0
BRDA:6,78,0,0
BRDA:6,78,1,0
BRDA:6,79,0,0
BRDA:6,79,1,0
BRDA:7,80,0,0
BRDA:7,80,1,0
BRDA:7,81,0,0
BRDA:7,81,1,0
BRDA:8,82,0,0
BRDA:8,82,1,0
BRDA:8,82,2,0
BRDA:8,83,0,0
BRDA:8,83,1,0
BRDA:8,84,0,0
BRDA:8,84,1,0
BRDA:8,85,0,0
BRDA:8,85,1,0
BRDA:8,86,0,0
BRDA:8,86,1,0
BRDA:8,87,0,0
BRDA:8,87,1,0
BRDA:8,88,0,0
BRDA:8,88,1,0
BRDA:8,89,0,0
BRDA:8,89,1,0
BRDA:8,90,0,0
BRDA:8,90,1,0
BRDA:8,91,0,0
BRDA:8,91,1,0
BRDA:8,92,0,0
BRDA:8,92,1,0
BRDA:8,93,0,0
BRDA:8,93,1,0
BRDA:8,94,0,0
BRDA:8,94,1,0
BRDA:8,95,0,0
BRDA:8,95,1,0
BRDA:8,96,0,0
BRDA:8,96,1,0
BRDA:8,97,0,0
BRDA:8,97,1,0
BRDA:8,98,0,0
BRDA:8,98,1,0
BRDA:8,99,0,0
BRDA:8,99,1,0
BRDA:8,100,0,0
BRDA:8,100,1,0
BRDA:8,101,0,0
BRDA:8,101,1,0
BRDA:8,102,0,0
BRDA:8,102,1,0
BRDA:8,103,0,0
BRDA:8,103,1,0
BRDA:8,104,0,0
BRDA:8,104,1,0
BRDA:8,105,0,0
BRDA:8,105,1,0
BRDA:8,106,0,0
BRDA:8,106,1,0
BRDA:8,107,0,0
BRDA:8,107,1,0
BRDA:8,108,0,0
BRDA:8,108,1,0
BRDA:8,109,0,0
BRDA:8,109,1,0
BRDA:8,110,0,0
BRDA:8,110,1,0
BRDA:8,111,0,0
BRDA:8,111,1,0
BRDA:8,112,0,0
BRDA:8,112,1,0
BRDA:8,113,0,0
BRDA:8,113,1,0
BRDA:8,114,0,0
BRDA:8,114,1,0
BRDA:8,115,0,0
BRDA:8,115,1,0
BRDA:8,116,0,0
BRDA:8,116,1,0
BRDA:8,117,0,0
BRDA:8,117,1,0
BRDA:8,118,0,0
BRDA:8,118,1,0
BRDA:8,119,0,0
BRDA:8,119,1,0
BRDA:8,120,0,0
BRDA:8,120,1,0
BRDA:8,121,0,0
BRDA:8,121,1,0
BRDA:8,122,0,0
BRDA:8,122,1,0
BRDA:8,123,0,0
BRDA:8,123,1,0
BRDA:8,124,0,0
BRDA:8,124,1,0
BRDA:8,125,0,0
BRDA:8,125,1,0
BRDA:8,126,0,0
BRDA:8,126,1,0
BRDA:8,127,0,0
BRDA:8,127,1,0
BRDA:8,128,0,0
BRDA:8,128,1,0
BRDA:8,129,0,0
BRDA:8,129,1,0
BRDA:8,130,0,0
BRDA:8,130,1,0
BRDA:8,131,0,0
BRDA:8,131,1,0
BRDA:8,132,0,0
BRDA:8,132,1,0
BRDA:8,133,0,0
BRDA:8,133,1,0
BRDA:8,134,0,0
BRDA:8,134,1,0
BRDA:8,135,0,0
BRDA:8,135,1,0
BRDA:8,136,0,0
BRDA:8,136,1,0
BRDA:8,137,0,0
BRDA:8,137,1,0
BRDA:8,137,2,0
BRDA:8,138,0,0
BRDA:8,138,1,0
BRDA:8,139,0,0
BRDA:8,139,1,0
BRDA:8,140,0,0
BRDA:8,140,1,0
BRDA:8,141,0,0
BRDA:8,141,1,0
BRDA:8,141,2,0
BRDA:8,142,0,0
BRDA:8,142,1,0
BRDA:8,142,2,0
BRDA:8,142,3,0
BRDA:8,143,0,0
BRDA:8,143,1,0
BRDA:8,144,0,0
BRDA:8,144,1,0
BRDA:8,145,0,0
BRDA:8,145,1,0
BRDA:8,145,2,0
BRDA:8,146,0,0
BRDA:8,146,1,0
BRDA:8,147,0,0
BRDA:8,147,1,0
BRDA:8,148,0,0
BRDA:8,148,1,0
BRDA:8,149,0,0
BRDA:8,149,1,0
BRDA:8,149,2,0
BRDA:8,149,3,0
BRDA:8,150,0,0
BRDA:8,150,1,0
BRDA:8,151,0,0
BRDA:8,151,1,0
BRDA:8,152,0,0
BRDA:8,152,1,0
BRDA:8,153,0,0
BRDA:8,153,1,0
BRDA:8,154,0,0
BRDA:8,154,1,0
BRDA:8,155,0,0
BRDA:8,155,1,0
BRDA:8,156,0,0
BRDA:8,156,1,0
BRDA:8,157,0,0
BRDA:8,157,1,0
BRDA:8,158,0,0
BRDA:8,158,1,0
BRDA:8,158,2,0
BRDA:8,158,3,0
BRDA:8,158,4,0
BRDA:8,158,5,0
BRDA:8,159,0,0
BRDA:8,159,1,0
BRDA:8,160,0,0
BRDA:8,160,1,0
BRDA:8,161,0,0
BRDA:8,161,1,0
BRDA:8,162,0,0
BRDA:8,162,1,0
BRDA:8,163,0,0
BRDA:8,163,1,0
BRDA:8,164,0,0
BRDA:8,164,1,0
BRDA:8,165,0,0
BRDA:8,165,1,0
BRDA:8,166,0,0
BRDA:8,166,1,0
BRDA:8,167,0,0
BRDA:8,167,1,0
BRDA:8,168,0,0
BRDA:8,168,1,0
BRDA:8,169,0,0
BRDA:8,169,1,0
BRDA:8,170,0,0
BRDA:8,170,1,0
BRDA:8,171,0,0
BRDA:8,171,1,0
BRDA:9,172,0,0
BRDA:9,172,1,0
BRDA:9,173,0,0
BRDA:9,173,1,0
BRDA:9,174,0,0
BRDA:9,174,1,0
BRDA:9,175,0,0
BRDA:9,175,1,0
BRDA:9,176,0,0
BRDA:9,176,1,0
BRDA:9,177,0,0
BRDA:9,177,1,0
BRDA:9,178,0,0
BRDA:9,178,1,0
BRDA:9,179,0,0
BRDA:9,179,1,0
BRDA:9,180,0,0
BRDA:9,180,1,0
BRDA:9,180,2,0
BRDA:9,181,0,0
BRDA:9,181,1,0
BRDA:9,182,0,0
BRDA:9,182,1,0
BRDA:9,183,0,0
BRDA:9,183,1,0
BRDA:9,184,0,0
BRDA:9,184,1,0
BRDA:9,185,0,0
BRDA:9,185,1,0
BRDA:9,186,0,0
BRDA:9,186,1,0
BRDA:9,187,0,0
BRDA:9,187,1,0
BRDA:9,188,0,0
BRDA:9,188,1,0
BRDA:9,189,0,0
BRDA:9,189,1,0
BRDA:9,190,0,0
BRDA:9,190,1,0
BRDA:9,191,0,0
BRDA:9,191,1,0
BRDA:9,192,0,0
BRDA:9,192,1,0
BRDA:9,193,0,0
BRDA:9,193,1,0
BRDA:9,194,0,0
BRDA:9,194,1,0
BRDA:9,195,0,0
BRDA:9,195,1,0
BRDA:9,196,0,0
BRDA:9,196,1,0
BRDA:9,197,0,0
BRDA:9,197,1,0
BRDA:9,198,0,0
BRDA:9,198,1,0
BRDA:9,199,0,0
BRDA:9,199,1,0
BRDA:9,200,0,0
BRDA:9,200,1,0
BRDA:9,201,0,0
BRDA:9,201,1,0
BRDA:10,202,0,0
BRDA:10,202,1,0
BRDA:10,203,0,0
BRDA:10,203,1,0
BRDA:10,203,2,0
BRDA:11,204,0,0
BRDA:11,204,1,0
BRDA:11,205,0,0
BRDA:11,205,1,0
BRDA:11,206,0,0
BRDA:11,206,1,0
BRDA:11,207,0,0
BRDA:11,207,1,0
BRDA:11,208,0,0
BRDA:11,208,1,0
BRDA:11,208,2,0
BRDA:11,209,0,0
BRDA:11,209,1,0
BRDA:11,210,0,0
BRDA:11,210,1,0
BRDA:11,211,0,0
BRDA:11,211,1,0
BRDA:11,212,0,0
BRDA:11,212,1,0
BRDA:11,213,0,0
BRDA:11,213,1,0
BRDA:11,214,0,0
BRDA:11,214,1,2
BRDA:11,215,0,0
BRDA:11,215,1,1
BRDA:11,216,0,1
BRDA:11,216,1,0
BRDA:11,217,0,0
BRDA:11,217,1,0
BRDA:11,218,0,0
BRDA:11,219,0,0
BRDA:11,219,1,0
BRDA:11,220,0,0
BRDA:11,220,1,0
BRF:458
BRH:11
end_of_record
