{"C:\\material\\Rollup+Esbuild\\esbuildReplace\\dist\\index.js": {"path":"C:\\material\\Rollup+Esbuild\\esbuildReplace\\dist\\index.js","statementMap":{"0":{"start":{"line":1,"column":6},"end":{"line":1,"column":63}},"1":{"start":{"line":1,"column":13},"end":{"line":1,"column":63}},"2":{"start":{"line":1,"column":18},"end":{"line":1,"column":62}},"3":{"start":{"line":1,"column":70},"end":{"line":1,"column":1401}},"4":{"start":{"line":1,"column":80},"end":{"line":1,"column":1399}},"5":{"start":{"line":1,"column":95},"end":{"line":1,"column":236}},"6":{"start":{"line":1,"column":266},"end":{"line":1,"column":389}},"7":{"start":{"line":1,"column":276},"end":{"line":1,"column":278}},"8":{"start":{"line":1,"column":281},"end":{"line":1,"column":348}},"9":{"start":{"line":1,"column":351},"end":{"line":1,"column":352}},"10":{"start":{"line":1,"column":368},"end":{"line":1,"column":389}},"11":{"start":{"line":1,"column":403},"end":{"line":1,"column":763}},"12":{"start":{"line":1,"column":413},"end":{"line":1,"column":415}},"13":{"start":{"line":1,"column":418},"end":{"line":1,"column":420}},"14":{"start":{"line":1,"column":423},"end":{"line":1,"column":434}},"15":{"start":{"line":1,"column":437},"end":{"line":1,"column":438}},"16":{"start":{"line":1,"column":441},"end":{"line":1,"column":442}},"17":{"start":{"line":1,"column":445},"end":{"line":1,"column":446}},"18":{"start":{"line":1,"column":449},"end":{"line":1,"column":450}},"19":{"start":{"line":1,"column":473},"end":{"line":1,"column":488}},"20":{"start":{"line":1,"column":489},"end":{"line":1,"column":762}},"21":{"start":{"line":1,"column":499},"end":{"line":1,"column":512}},"22":{"start":{"line":1,"column":517},"end":{"line":1,"column":762}},"23":{"start":{"line":1,"column":527},"end":{"line":1,"column":562}},"24":{"start":{"line":1,"column":573},"end":{"line":1,"column":577}},"25":{"start":{"line":1,"column":578},"end":{"line":1,"column":658}},"26":{"start":{"line":1,"column":592},"end":{"line":1,"column":658}},"27":{"start":{"line":1,"column":664},"end":{"line":1,"column":668}},"28":{"start":{"line":1,"column":669},"end":{"line":1,"column":761}},"29":{"start":{"line":1,"column":688},"end":{"line":1,"column":693}},"30":{"start":{"line":1,"column":704},"end":{"line":1,"column":707}},"31":{"start":{"line":1,"column":708},"end":{"line":1,"column":760}},"32":{"start":{"line":1,"column":763},"end":{"line":1,"column":790}},"33":{"start":{"line":1,"column":809},"end":{"line":1,"column":907}},"34":{"start":{"line":1,"column":922},"end":{"line":1,"column":1214}},"35":{"start":{"line":1,"column":932},"end":{"line":1,"column":933}},"36":{"start":{"line":1,"column":936},"end":{"line":1,"column":937}},"37":{"start":{"line":1,"column":940},"end":{"line":1,"column":941}},"38":{"start":{"line":1,"column":944},"end":{"line":1,"column":945}},"39":{"start":{"line":1,"column":948},"end":{"line":1,"column":950}},"40":{"start":{"line":1,"column":953},"end":{"line":1,"column":954}},"41":{"start":{"line":1,"column":977},"end":{"line":1,"column":981}},"42":{"start":{"line":1,"column":982},"end":{"line":1,"column":1213}},"43":{"start":{"line":1,"column":1013},"end":{"line":1,"column":1198}},"44":{"start":{"line":1,"column":1023},"end":{"line":1,"column":1024}},"45":{"start":{"line":1,"column":1027},"end":{"line":1,"column":1029}},"46":{"start":{"line":1,"column":1032},"end":{"line":1,"column":1033}},"47":{"start":{"line":1,"column":1036},"end":{"line":1,"column":1037}},"48":{"start":{"line":1,"column":1060},"end":{"line":1,"column":1064}},"49":{"start":{"line":1,"column":1067},"end":{"line":1,"column":1076}},"50":{"start":{"line":1,"column":1077},"end":{"line":1,"column":1197}},"51":{"start":{"line":1,"column":1198},"end":{"line":1,"column":1212}},"52":{"start":{"line":1,"column":1214},"end":{"line":1,"column":1222}},"53":{"start":{"line":1,"column":1243},"end":{"line":1,"column":1245}},"54":{"start":{"line":1,"column":1246},"end":{"line":1,"column":1265}},"55":{"start":{"line":1,"column":1265},"end":{"line":1,"column":1318}},"56":{"start":{"line":1,"column":1274},"end":{"line":1,"column":1278}},"57":{"start":{"line":1,"column":1279},"end":{"line":1,"column":1306}},"58":{"start":{"line":1,"column":1318},"end":{"line":1,"column":1326}},"59":{"start":{"line":1,"column":1327},"end":{"line":1,"column":1397}},"60":{"start":{"line":1,"column":1408},"end":{"line":11,"column":1240}},"61":{"start":{"line":1,"column":1437},"end":{"line":1,"column":1440}},"62":{"start":{"line":1,"column":1443},"end":{"line":1,"column":1500}},"63":{"start":{"line":1,"column":1457},"end":{"line":1,"column":1499}},"64":{"start":{"line":1,"column":1501},"end":{"line":1,"column":1557}},"65":{"start":{"line":1,"column":1529},"end":{"line":1,"column":1555}},"66":{"start":{"line":1,"column":1557},"end":{"line":1,"column":1622}},"67":{"start":{"line":1,"column":1585},"end":{"line":1,"column":1620}},"68":{"start":{"line":1,"column":1628},"end":{"line":1,"column":1856}},"69":{"start":{"line":1,"column":1644},"end":{"line":1,"column":1855}},"70":{"start":{"line":1,"column":1857},"end":{"line":1,"column":1907}},"71":{"start":{"line":1,"column":1892},"end":{"line":1,"column":1905}},"72":{"start":{"line":1,"column":1907},"end":{"line":1,"column":1968}},"73":{"start":{"line":1,"column":1943},"end":{"line":1,"column":1966}},"74":{"start":{"line":1,"column":1968},"end":{"line":1,"column":2163}},"75":{"start":{"line":1,"column":2003},"end":{"line":1,"column":2043}},"76":{"start":{"line":1,"column":2044},"end":{"line":1,"column":2161}},"77":{"start":{"line":1,"column":2163},"end":{"line":1,"column":2229}},"78":{"start":{"line":1,"column":2196},"end":{"line":1,"column":2227}},"79":{"start":{"line":1,"column":2229},"end":{"line":1,"column":2295}},"80":{"start":{"line":1,"column":2262},"end":{"line":1,"column":2293}},"81":{"start":{"line":1,"column":2272},"end":{"line":1,"column":2276}},"82":{"start":{"line":1,"column":2280},"end":{"line":1,"column":2293}},"83":{"start":{"line":1,"column":2295},"end":{"line":1,"column":2369}},"84":{"start":{"line":1,"column":2332},"end":{"line":1,"column":2367}},"85":{"start":{"line":1,"column":2342},"end":{"line":1,"column":2346}},"86":{"start":{"line":1,"column":2350},"end":{"line":1,"column":2367}},"87":{"start":{"line":1,"column":2369},"end":{"line":1,"column":2495}},"88":{"start":{"line":1,"column":2402},"end":{"line":1,"column":2493}},"89":{"start":{"line":1,"column":2495},"end":{"line":1,"column":2556}},"90":{"start":{"line":1,"column":2531},"end":{"line":1,"column":2554}},"91":{"start":{"line":1,"column":2556},"end":{"line":1,"column":2618}},"92":{"start":{"line":1,"column":2593},"end":{"line":1,"column":2616}},"93":{"start":{"line":1,"column":2618},"end":{"line":1,"column":2947}},"94":{"start":{"line":1,"column":2654},"end":{"line":1,"column":2666}},"95":{"start":{"line":1,"column":2669},"end":{"line":1,"column":2693}},"96":{"start":{"line":1,"column":2696},"end":{"line":1,"column":2718}},"97":{"start":{"line":1,"column":2719},"end":{"line":1,"column":2735}},"98":{"start":{"line":1,"column":2741},"end":{"line":1,"column":2760}},"99":{"start":{"line":1,"column":2761},"end":{"line":1,"column":2945}},"100":{"start":{"line":1,"column":2947},"end":{"line":1,"column":3022}},"101":{"start":{"line":1,"column":2979},"end":{"line":1,"column":3020}},"102":{"start":{"line":1,"column":3022},"end":{"line":1,"column":3335}},"103":{"start":{"line":1,"column":3054},"end":{"line":1,"column":3120}},"104":{"start":{"line":1,"column":3111},"end":{"line":1,"column":3120}},"105":{"start":{"line":1,"column":3126},"end":{"line":1,"column":3152}},"106":{"start":{"line":1,"column":3153},"end":{"line":1,"column":3244}},"107":{"start":{"line":1,"column":3165},"end":{"line":1,"column":3244}},"108":{"start":{"line":1,"column":3244},"end":{"line":1,"column":3333}},"109":{"start":{"line":1,"column":3325},"end":{"line":1,"column":3333}},"110":{"start":{"line":1,"column":3335},"end":{"line":1,"column":3655}},"111":{"start":{"line":1,"column":3369},"end":{"line":1,"column":3435}},"112":{"start":{"line":1,"column":3426},"end":{"line":1,"column":3435}},"113":{"start":{"line":1,"column":3441},"end":{"line":1,"column":3467}},"114":{"start":{"line":1,"column":3468},"end":{"line":1,"column":3564}},"115":{"start":{"line":1,"column":3480},"end":{"line":1,"column":3564}},"116":{"start":{"line":1,"column":3564},"end":{"line":1,"column":3653}},"117":{"start":{"line":1,"column":3645},"end":{"line":1,"column":3653}},"118":{"start":{"line":1,"column":3661},"end":{"line":1,"column":3763}},"119":{"start":{"line":1,"column":3672},"end":{"line":1,"column":3762}},"120":{"start":{"line":1,"column":3764},"end":{"line":1,"column":3983}},"121":{"start":{"line":1,"column":3837},"end":{"line":1,"column":3888}},"122":{"start":{"line":1,"column":3932},"end":{"line":1,"column":3980}},"123":{"start":{"line":1,"column":3989},"end":{"line":1,"column":4147}},"124":{"start":{"line":1,"column":4001},"end":{"line":1,"column":4146}},"125":{"start":{"line":1,"column":4148},"end":{"line":1,"column":4209}},"126":{"start":{"line":1,"column":4180},"end":{"line":1,"column":4207}},"127":{"start":{"line":1,"column":4209},"end":{"line":1,"column":4310}},"128":{"start":{"line":1,"column":4238},"end":{"line":1,"column":4308}},"129":{"start":{"line":1,"column":4330},"end":{"line":2,"column":2}},"130":{"start":{"line":2,"column":5},"end":{"line":2,"column":48}},"131":{"start":{"line":2,"column":26},"end":{"line":2,"column":46}},"132":{"start":{"line":2,"column":51},"end":{"line":2,"column":96}},"133":{"start":{"line":2,"column":72},"end":{"line":2,"column":94}},"134":{"start":{"line":2,"column":97},"end":{"line":2,"column":139}},"135":{"start":{"line":2,"column":127},"end":{"line":2,"column":139}},"136":{"start":{"line":2,"column":139},"end":{"line":2,"column":171}},"137":{"start":{"line":2,"column":161},"end":{"line":2,"column":171}},"138":{"start":{"line":2,"column":177},"end":{"line":2,"column":261}},"139":{"start":{"line":2,"column":206},"end":{"line":2,"column":229}},"140":{"start":{"line":2,"column":230},"end":{"line":2,"column":250}},"141":{"start":{"line":2,"column":262},"end":{"line":2,"column":293}},"142":{"start":{"line":2,"column":316},"end":{"line":2,"column":332}},"143":{"start":{"line":2,"column":335},"end":{"line":2,"column":351}},"144":{"start":{"line":2,"column":352},"end":{"line":2,"column":397}},"145":{"start":{"line":2,"column":377},"end":{"line":2,"column":397}},"146":{"start":{"line":2,"column":397},"end":{"line":2,"column":443}},"147":{"start":{"line":2,"column":409},"end":{"line":2,"column":443}},"148":{"start":{"line":2,"column":419},"end":{"line":2,"column":427}},"149":{"start":{"line":2,"column":433},"end":{"line":2,"column":443}},"150":{"start":{"line":2,"column":443},"end":{"line":2,"column":471}},"151":{"start":{"line":2,"column":478},"end":{"line":2,"column":503}},"152":{"start":{"line":2,"column":518},"end":{"line":2,"column":554}},"153":{"start":{"line":2,"column":569},"end":{"line":3,"column":58}},"154":{"start":{"line":2,"column":579},"end":{"line":3,"column":2}},"155":{"start":{"line":3,"column":5},"end":{"line":3,"column":7}},"156":{"start":{"line":3,"column":10},"end":{"line":3,"column":11}},"157":{"start":{"line":3,"column":14},"end":{"line":3,"column":15}},"158":{"start":{"line":3,"column":31},"end":{"line":3,"column":58}},"159":{"start":{"line":3,"column":58},"end":{"line":3,"column":179}},"160":{"start":{"line":3,"column":77},"end":{"line":3,"column":136}},"161":{"start":{"line":3,"column":87},"end":{"line":3,"column":88}},"162":{"start":{"line":3,"column":91},"end":{"line":3,"column":99}},"163":{"start":{"line":3,"column":112},"end":{"line":3,"column":118}},"164":{"start":{"line":3,"column":119},"end":{"line":3,"column":135}},"165":{"start":{"line":3,"column":142},"end":{"line":3,"column":145}},"166":{"start":{"line":3,"column":148},"end":{"line":3,"column":154}},"167":{"start":{"line":3,"column":155},"end":{"line":3,"column":178}},"168":{"start":{"line":3,"column":186},"end":{"line":3,"column":346}},"169":{"start":{"line":3,"column":198},"end":{"line":3,"column":345}},"170":{"start":{"line":3,"column":347},"end":{"line":3,"column":580}},"171":{"start":{"line":3,"column":385},"end":{"line":3,"column":545}},"172":{"start":{"line":3,"column":404},"end":{"line":3,"column":448}},"173":{"start":{"line":3,"column":449},"end":{"line":3,"column":489}},"174":{"start":{"line":3,"column":495},"end":{"line":3,"column":545}},"175":{"start":{"line":3,"column":545},"end":{"line":3,"column":578}},"176":{"start":{"line":3,"column":580},"end":{"line":4,"column":207}},"177":{"start":{"line":3,"column":629},"end":{"line":4,"column":188}},"178":{"start":{"line":3,"column":639},"end":{"line":3,"column":646}},"179":{"start":{"line":3,"column":649},"end":{"line":3,"column":651}},"180":{"start":{"line":3,"column":661},"end":{"line":4,"column":188}},"181":{"start":{"line":4,"column":188},"end":{"line":4,"column":205}},"182":{"start":{"line":4,"column":207},"end":{"line":5,"column":201}},"183":{"start":{"line":4,"column":239},"end":{"line":5,"column":199}},"184":{"start":{"line":4,"column":253},"end":{"line":5,"column":2}},"185":{"start":{"line":5,"column":3},"end":{"line":5,"column":152}},"186":{"start":{"line":5,"column":18},"end":{"line":5,"column":125}},"187":{"start":{"line":5,"column":28},"end":{"line":5,"column":29}},"188":{"start":{"line":5,"column":47},"end":{"line":5,"column":125}},"189":{"start":{"line":5,"column":125},"end":{"line":5,"column":151}},"190":{"start":{"line":5,"column":152},"end":{"line":5,"column":198}},"191":{"start":{"line":5,"column":207},"end":{"line":6,"column":1}},"192":{"start":{"line":6,"column":4},"end":{"line":6,"column":47}},"193":{"start":{"line":6,"column":50},"end":{"line":6,"column":657}},"194":{"start":{"line":6,"column":64},"end":{"line":6,"column":83}},"195":{"start":{"line":6,"column":89},"end":{"line":6,"column":108}},"196":{"start":{"line":6,"column":109},"end":{"line":6,"column":656}},"197":{"start":{"line":6,"column":658},"end":{"line":6,"column":735}},"198":{"start":{"line":6,"column":703},"end":{"line":6,"column":733}},"199":{"start":{"line":6,"column":735},"end":{"line":6,"column":869}},"200":{"start":{"line":6,"column":766},"end":{"line":6,"column":842}},"201":{"start":{"line":6,"column":788},"end":{"line":6,"column":842}},"202":{"start":{"line":6,"column":842},"end":{"line":6,"column":867}},"203":{"start":{"line":6,"column":869},"end":{"line":6,"column":1065}},"204":{"start":{"line":6,"column":906},"end":{"line":6,"column":985}},"205":{"start":{"line":6,"column":928},"end":{"line":6,"column":985}},"206":{"start":{"line":6,"column":985},"end":{"line":6,"column":1000}},"207":{"start":{"line":6,"column":1006},"end":{"line":6,"column":1019}},"208":{"start":{"line":6,"column":1020},"end":{"line":6,"column":1063}},"209":{"start":{"line":6,"column":1065},"end":{"line":6,"column":1265}},"210":{"start":{"line":6,"column":1103},"end":{"line":6,"column":1182}},"211":{"start":{"line":6,"column":1125},"end":{"line":6,"column":1182}},"212":{"start":{"line":6,"column":1182},"end":{"line":6,"column":1197}},"213":{"start":{"line":6,"column":1203},"end":{"line":6,"column":1218}},"214":{"start":{"line":6,"column":1219},"end":{"line":6,"column":1263}},"215":{"start":{"line":6,"column":1265},"end":{"line":6,"column":1721}},"216":{"start":{"line":6,"column":1294},"end":{"line":6,"column":1518}},"217":{"start":{"line":6,"column":1304},"end":{"line":6,"column":1349}},"218":{"start":{"line":6,"column":1352},"end":{"line":6,"column":1367}},"219":{"start":{"line":6,"column":1370},"end":{"line":6,"column":1412}},"220":{"start":{"line":6,"column":1417},"end":{"line":6,"column":1455}},"221":{"start":{"line":6,"column":1461},"end":{"line":6,"column":1467}},"222":{"start":{"line":6,"column":1470},"end":{"line":6,"column":1482}},"223":{"start":{"line":6,"column":1483},"end":{"line":6,"column":1517}},"224":{"start":{"line":6,"column":1518},"end":{"line":6,"column":1719}},"225":{"start":{"line":6,"column":1721},"end":{"line":6,"column":2328}},"226":{"start":{"line":6,"column":1770},"end":{"line":6,"column":1774}},"227":{"start":{"line":6,"column":1775},"end":{"line":6,"column":1783}},"228":{"start":{"line":6,"column":1789},"end":{"line":6,"column":1790}},"229":{"start":{"line":6,"column":1793},"end":{"line":6,"column":1822}},"230":{"start":{"line":6,"column":1825},"end":{"line":6,"column":1839}},"231":{"start":{"line":6,"column":1842},"end":{"line":6,"column":1858}},"232":{"start":{"line":6,"column":1859},"end":{"line":6,"column":2326}},"233":{"start":{"line":6,"column":1943},"end":{"line":6,"column":1953}},"234":{"start":{"line":6,"column":1954},"end":{"line":6,"column":2152}},"235":{"start":{"line":6,"column":2328},"end":{"line":6,"column":2406}},"236":{"start":{"line":6,"column":2364},"end":{"line":6,"column":2404}},"237":{"start":{"line":6,"column":2406},"end":{"line":6,"column":2494}},"238":{"start":{"line":6,"column":2445},"end":{"line":6,"column":2492}},"239":{"start":{"line":6,"column":2494},"end":{"line":8,"column":161}},"240":{"start":{"line":6,"column":2533},"end":{"line":6,"column":2545}},"241":{"start":{"line":6,"column":2546},"end":{"line":6,"column":2624}},"242":{"start":{"line":6,"column":2612},"end":{"line":6,"column":2624}},"243":{"start":{"line":6,"column":2624},"end":{"line":6,"column":2632}},"244":{"start":{"line":6,"column":2638},"end":{"line":6,"column":2640}},"245":{"start":{"line":6,"column":2641},"end":{"line":6,"column":2772}},"246":{"start":{"line":6,"column":2661},"end":{"line":6,"column":2712}},"247":{"start":{"line":6,"column":2713},"end":{"line":6,"column":2771}},"248":{"start":{"line":6,"column":2735},"end":{"line":6,"column":2769}},"249":{"start":{"line":6,"column":2745},"end":{"line":6,"column":2749}},"250":{"start":{"line":6,"column":2762},"end":{"line":6,"column":2769}},"251":{"start":{"line":6,"column":2778},"end":{"line":6,"column":2796}},"252":{"start":{"line":6,"column":2799},"end":{"line":6,"column":2836}},"253":{"start":{"line":6,"column":2811},"end":{"line":6,"column":2835}},"254":{"start":{"line":6,"column":2837},"end":{"line":6,"column":2872}},"255":{"start":{"line":6,"column":2872},"end":{"line":8,"column":113}},"256":{"start":{"line":6,"column":2882},"end":{"line":6,"column":2883}},"257":{"start":{"line":6,"column":2886},"end":{"line":6,"column":2901}},"258":{"start":{"line":6,"column":2912},"end":{"line":6,"column":2917}},"259":{"start":{"line":6,"column":2918},"end":{"line":8,"column":96}},"260":{"start":{"line":6,"column":2930},"end":{"line":7,"column":4}},"261":{"start":{"line":7,"column":9},"end":{"line":8,"column":96}},"262":{"start":{"line":7,"column":29},"end":{"line":8,"column":91}},"263":{"start":{"line":7,"column":45},"end":{"line":7,"column":61}},"264":{"start":{"line":7,"column":62},"end":{"line":8,"column":90}},"265":{"start":{"line":8,"column":91},"end":{"line":8,"column":95}},"266":{"start":{"line":8,"column":96},"end":{"line":8,"column":112}},"267":{"start":{"line":8,"column":113},"end":{"line":8,"column":159}},"268":{"start":{"line":8,"column":161},"end":{"line":8,"column":291}},"269":{"start":{"line":8,"column":191},"end":{"line":8,"column":289}},"270":{"start":{"line":8,"column":291},"end":{"line":8,"column":488}},"271":{"start":{"line":8,"column":328},"end":{"line":8,"column":486}},"272":{"start":{"line":8,"column":488},"end":{"line":8,"column":693}},"273":{"start":{"line":8,"column":526},"end":{"line":8,"column":691}},"274":{"start":{"line":8,"column":693},"end":{"line":8,"column":1240}},"275":{"start":{"line":8,"column":726},"end":{"line":8,"column":797}},"276":{"start":{"line":8,"column":740},"end":{"line":8,"column":797}},"277":{"start":{"line":8,"column":797},"end":{"line":8,"column":842}},"278":{"start":{"line":8,"column":848},"end":{"line":8,"column":863}},"279":{"start":{"line":8,"column":866},"end":{"line":8,"column":879}},"280":{"start":{"line":8,"column":882},"end":{"line":8,"column":892}},"281":{"start":{"line":8,"column":895},"end":{"line":8,"column":901}},"282":{"start":{"line":8,"column":904},"end":{"line":8,"column":919}},"283":{"start":{"line":8,"column":920},"end":{"line":8,"column":958}},"284":{"start":{"line":8,"column":946},"end":{"line":8,"column":958}},"285":{"start":{"line":8,"column":964},"end":{"line":8,"column":991}},"286":{"start":{"line":8,"column":992},"end":{"line":8,"column":1238}},"287":{"start":{"line":8,"column":1240},"end":{"line":8,"column":2256}},"288":{"start":{"line":8,"column":1280},"end":{"line":8,"column":1362}},"289":{"start":{"line":8,"column":1302},"end":{"line":8,"column":1362}},"290":{"start":{"line":8,"column":1362},"end":{"line":8,"column":1396}},"291":{"start":{"line":8,"column":1372},"end":{"line":8,"column":1396}},"292":{"start":{"line":8,"column":1396},"end":{"line":8,"column":1430}},"293":{"start":{"line":8,"column":1406},"end":{"line":8,"column":1430}},"294":{"start":{"line":8,"column":1430},"end":{"line":8,"column":1496}},"295":{"start":{"line":8,"column":1456},"end":{"line":8,"column":1496}},"296":{"start":{"line":8,"column":1496},"end":{"line":8,"column":1607}},"297":{"start":{"line":8,"column":1505},"end":{"line":8,"column":1607}},"298":{"start":{"line":8,"column":1607},"end":{"line":8,"column":1836}},"299":{"start":{"line":8,"column":1842},"end":{"line":8,"column":1867}},"300":{"start":{"line":8,"column":1870},"end":{"line":8,"column":1897}},"301":{"start":{"line":8,"column":1898},"end":{"line":8,"column":1958}},"302":{"start":{"line":8,"column":1910},"end":{"line":8,"column":1934}},"303":{"start":{"line":8,"column":1935},"end":{"line":8,"column":1957}},"304":{"start":{"line":8,"column":1964},"end":{"line":8,"column":1979}},"305":{"start":{"line":8,"column":1982},"end":{"line":8,"column":1995}},"306":{"start":{"line":8,"column":1996},"end":{"line":8,"column":2243}},"307":{"start":{"line":8,"column":2002},"end":{"line":8,"column":2100}},"308":{"start":{"line":8,"column":2043},"end":{"line":8,"column":2100}},"309":{"start":{"line":8,"column":2100},"end":{"line":8,"column":2185}},"310":{"start":{"line":8,"column":2124},"end":{"line":8,"column":2171}},"311":{"start":{"line":8,"column":2134},"end":{"line":8,"column":2140}},"312":{"start":{"line":8,"column":2148},"end":{"line":8,"column":2171}},"313":{"start":{"line":8,"column":2171},"end":{"line":8,"column":2184}},"314":{"start":{"line":8,"column":2197},"end":{"line":8,"column":2220}},"315":{"start":{"line":8,"column":2221},"end":{"line":8,"column":2242}},"316":{"start":{"line":8,"column":2243},"end":{"line":8,"column":2254}},"317":{"start":{"line":8,"column":2256},"end":{"line":8,"column":2401}},"318":{"start":{"line":8,"column":2288},"end":{"line":8,"column":2364}},"319":{"start":{"line":8,"column":2310},"end":{"line":8,"column":2364}},"320":{"start":{"line":8,"column":2364},"end":{"line":8,"column":2399}},"321":{"start":{"line":8,"column":2401},"end":{"line":8,"column":2609}},"322":{"start":{"line":8,"column":2439},"end":{"line":8,"column":2518}},"323":{"start":{"line":8,"column":2461},"end":{"line":8,"column":2518}},"324":{"start":{"line":8,"column":2518},"end":{"line":8,"column":2533}},"325":{"start":{"line":8,"column":2539},"end":{"line":8,"column":2552}},"326":{"start":{"line":8,"column":2553},"end":{"line":8,"column":2607}},"327":{"start":{"line":8,"column":2609},"end":{"line":8,"column":2821}},"328":{"start":{"line":8,"column":2648},"end":{"line":8,"column":2727}},"329":{"start":{"line":8,"column":2670},"end":{"line":8,"column":2727}},"330":{"start":{"line":8,"column":2727},"end":{"line":8,"column":2742}},"331":{"start":{"line":8,"column":2748},"end":{"line":8,"column":2763}},"332":{"start":{"line":8,"column":2764},"end":{"line":8,"column":2819}},"333":{"start":{"line":8,"column":2821},"end":{"line":8,"column":3217}},"334":{"start":{"line":8,"column":2854},"end":{"line":8,"column":2888}},"335":{"start":{"line":8,"column":2864},"end":{"line":8,"column":2888}},"336":{"start":{"line":8,"column":2888},"end":{"line":8,"column":2922}},"337":{"start":{"line":8,"column":2898},"end":{"line":8,"column":2922}},"338":{"start":{"line":8,"column":2922},"end":{"line":8,"column":2943}},"339":{"start":{"line":8,"column":2931},"end":{"line":8,"column":2943}},"340":{"start":{"line":8,"column":2943},"end":{"line":8,"column":3020}},"341":{"start":{"line":8,"column":2974},"end":{"line":8,"column":3020}},"342":{"start":{"line":8,"column":3020},"end":{"line":8,"column":3077}},"343":{"start":{"line":8,"column":3027},"end":{"line":8,"column":3077}},"344":{"start":{"line":8,"column":3077},"end":{"line":8,"column":3107}},"345":{"start":{"line":8,"column":3107},"end":{"line":8,"column":3204}},"346":{"start":{"line":8,"column":3117},"end":{"line":8,"column":3132}},"347":{"start":{"line":8,"column":3136},"end":{"line":8,"column":3204}},"348":{"start":{"line":8,"column":3204},"end":{"line":8,"column":3215}},"349":{"start":{"line":8,"column":3217},"end":{"line":8,"column":3573}},"350":{"start":{"line":8,"column":3249},"end":{"line":8,"column":3309}},"351":{"start":{"line":8,"column":3270},"end":{"line":8,"column":3309}},"352":{"start":{"line":8,"column":3315},"end":{"line":8,"column":3329}},"353":{"start":{"line":8,"column":3330},"end":{"line":8,"column":3512}},"354":{"start":{"line":8,"column":3333},"end":{"line":8,"column":3384}},"355":{"start":{"line":8,"column":3351},"end":{"line":8,"column":3384}},"356":{"start":{"line":8,"column":3384},"end":{"line":8,"column":3441}},"357":{"start":{"line":8,"column":3404},"end":{"line":8,"column":3441}},"358":{"start":{"line":8,"column":3441},"end":{"line":8,"column":3491}},"359":{"start":{"line":8,"column":3459},"end":{"line":8,"column":3491}},"360":{"start":{"line":8,"column":3512},"end":{"line":8,"column":3571}},"361":{"start":{"line":8,"column":3573},"end":{"line":8,"column":4115}},"362":{"start":{"line":8,"column":3611},"end":{"line":8,"column":3636}},"363":{"start":{"line":8,"column":3637},"end":{"line":8,"column":3677}},"364":{"start":{"line":8,"column":3647},"end":{"line":8,"column":3677}},"365":{"start":{"line":8,"column":3683},"end":{"line":8,"column":3693}},"366":{"start":{"line":8,"column":3696},"end":{"line":8,"column":3710}},"367":{"start":{"line":8,"column":3711},"end":{"line":8,"column":4034}},"368":{"start":{"line":8,"column":3714},"end":{"line":8,"column":3811}},"369":{"start":{"line":8,"column":3735},"end":{"line":8,"column":3799}},"370":{"start":{"line":8,"column":3770},"end":{"line":8,"column":3799}},"371":{"start":{"line":8,"column":3799},"end":{"line":8,"column":3810}},"372":{"start":{"line":8,"column":3811},"end":{"line":8,"column":3916}},"373":{"start":{"line":8,"column":3834},"end":{"line":8,"column":3902}},"374":{"start":{"line":8,"column":3871},"end":{"line":8,"column":3902}},"375":{"start":{"line":8,"column":3902},"end":{"line":8,"column":3915}},"376":{"start":{"line":8,"column":3916},"end":{"line":8,"column":4013}},"377":{"start":{"line":8,"column":3937},"end":{"line":8,"column":4001}},"378":{"start":{"line":8,"column":3972},"end":{"line":8,"column":4001}},"379":{"start":{"line":8,"column":4001},"end":{"line":8,"column":4012}},"380":{"start":{"line":8,"column":4034},"end":{"line":8,"column":4113}},"381":{"start":{"line":8,"column":4115},"end":{"line":8,"column":4825}},"382":{"start":{"line":8,"column":4147},"end":{"line":8,"column":4235}},"383":{"start":{"line":8,"column":4211},"end":{"line":8,"column":4235}},"384":{"start":{"line":8,"column":4235},"end":{"line":8,"column":4269}},"385":{"start":{"line":8,"column":4245},"end":{"line":8,"column":4269}},"386":{"start":{"line":8,"column":4269},"end":{"line":8,"column":4368}},"387":{"start":{"line":8,"column":4279},"end":{"line":8,"column":4281}},"388":{"start":{"line":8,"column":4284},"end":{"line":8,"column":4299}},"389":{"start":{"line":8,"column":4327},"end":{"line":8,"column":4359}},"390":{"start":{"line":8,"column":4350},"end":{"line":8,"column":4359}},"391":{"start":{"line":8,"column":4359},"end":{"line":8,"column":4367}},"392":{"start":{"line":8,"column":4368},"end":{"line":8,"column":4474}},"393":{"start":{"line":8,"column":4396},"end":{"line":8,"column":4474}},"394":{"start":{"line":8,"column":4474},"end":{"line":8,"column":4815}},"395":{"start":{"line":8,"column":4484},"end":{"line":8,"column":4485}},"396":{"start":{"line":8,"column":4490},"end":{"line":8,"column":4534}},"397":{"start":{"line":8,"column":4540},"end":{"line":8,"column":4559}},"398":{"start":{"line":8,"column":4560},"end":{"line":8,"column":4662}},"399":{"start":{"line":8,"column":4586},"end":{"line":8,"column":4662}},"400":{"start":{"line":8,"column":4668},"end":{"line":8,"column":4685}},"401":{"start":{"line":8,"column":4688},"end":{"line":8,"column":4731}},"402":{"start":{"line":8,"column":4732},"end":{"line":8,"column":4806}},"403":{"start":{"line":8,"column":4800},"end":{"line":8,"column":4806}},"404":{"start":{"line":8,"column":4806},"end":{"line":8,"column":4814}},"405":{"start":{"line":8,"column":4815},"end":{"line":8,"column":4823}},"406":{"start":{"line":8,"column":4825},"end":{"line":8,"column":4929}},"407":{"start":{"line":8,"column":4862},"end":{"line":8,"column":4874}},"408":{"start":{"line":8,"column":4875},"end":{"line":8,"column":4927}},"409":{"start":{"line":8,"column":4929},"end":{"line":8,"column":5136}},"410":{"start":{"line":8,"column":4960},"end":{"line":8,"column":5134}},"411":{"start":{"line":8,"column":4997},"end":{"line":8,"column":5134}},"412":{"start":{"line":8,"column":5007},"end":{"line":8,"column":5029}},"413":{"start":{"line":8,"column":5032},"end":{"line":8,"column":5039}},"414":{"start":{"line":8,"column":5044},"end":{"line":8,"column":5090}},"415":{"start":{"line":8,"column":5061},"end":{"line":8,"column":5090}},"416":{"start":{"line":8,"column":5090},"end":{"line":8,"column":5133}},"417":{"start":{"line":8,"column":5136},"end":{"line":8,"column":5496}},"418":{"start":{"line":8,"column":5174},"end":{"line":8,"column":5350}},"419":{"start":{"line":8,"column":5211},"end":{"line":8,"column":5230}},"420":{"start":{"line":8,"column":5231},"end":{"line":8,"column":5349}},"421":{"start":{"line":8,"column":5356},"end":{"line":8,"column":5366}},"422":{"start":{"line":8,"column":5367},"end":{"line":8,"column":5494}},"423":{"start":{"line":8,"column":5496},"end":{"line":8,"column":5616}},"424":{"start":{"line":8,"column":5528},"end":{"line":8,"column":5595}},"425":{"start":{"line":8,"column":5538},"end":{"line":8,"column":5548}},"426":{"start":{"line":8,"column":5551},"end":{"line":8,"column":5566}},"427":{"start":{"line":8,"column":5570},"end":{"line":8,"column":5595}},"428":{"start":{"line":8,"column":5595},"end":{"line":8,"column":5614}},"429":{"start":{"line":8,"column":5616},"end":{"line":8,"column":5809}},"430":{"start":{"line":8,"column":5653},"end":{"line":8,"column":5668}},"431":{"start":{"line":8,"column":5669},"end":{"line":8,"column":5799}},"432":{"start":{"line":8,"column":5672},"end":{"line":8,"column":5783}},"433":{"start":{"line":8,"column":5774},"end":{"line":8,"column":5783}},"434":{"start":{"line":8,"column":5799},"end":{"line":8,"column":5807}},"435":{"start":{"line":8,"column":5809},"end":{"line":8,"column":5944}},"436":{"start":{"line":8,"column":5845},"end":{"line":8,"column":5860}},"437":{"start":{"line":8,"column":5863},"end":{"line":8,"column":5864}},"438":{"start":{"line":8,"column":5865},"end":{"line":8,"column":5934}},"439":{"start":{"line":8,"column":5868},"end":{"line":8,"column":5918}},"440":{"start":{"line":8,"column":5934},"end":{"line":8,"column":5942}},"441":{"start":{"line":8,"column":5944},"end":{"line":8,"column":6007}},"442":{"start":{"line":8,"column":5977},"end":{"line":8,"column":6005}},"443":{"start":{"line":8,"column":6007},"end":{"line":8,"column":6073}},"444":{"start":{"line":8,"column":6036},"end":{"line":8,"column":6071}},"445":{"start":{"line":8,"column":6073},"end":{"line":8,"column":6450}},"446":{"start":{"line":8,"column":6118},"end":{"line":8,"column":6145}},"447":{"start":{"line":8,"column":6146},"end":{"line":8,"column":6212}},"448":{"start":{"line":8,"column":6203},"end":{"line":8,"column":6212}},"449":{"start":{"line":8,"column":6218},"end":{"line":8,"column":6232}},"450":{"start":{"line":8,"column":6233},"end":{"line":8,"column":6440}},"451":{"start":{"line":8,"column":6242},"end":{"line":8,"column":6247}},"452":{"start":{"line":8,"column":6250},"end":{"line":8,"column":6262}},"453":{"start":{"line":8,"column":6263},"end":{"line":8,"column":6418}},"454":{"start":{"line":8,"column":6409},"end":{"line":8,"column":6418}},"455":{"start":{"line":8,"column":6418},"end":{"line":8,"column":6430}},"456":{"start":{"line":8,"column":6440},"end":{"line":8,"column":6448}},"457":{"start":{"line":8,"column":6450},"end":{"line":8,"column":6518}},"458":{"start":{"line":8,"column":6482},"end":{"line":8,"column":6516}},"459":{"start":{"line":8,"column":6518},"end":{"line":8,"column":6899}},"460":{"start":{"line":8,"column":6565},"end":{"line":8,"column":6595}},"461":{"start":{"line":8,"column":6596},"end":{"line":8,"column":6662}},"462":{"start":{"line":8,"column":6653},"end":{"line":8,"column":6662}},"463":{"start":{"line":8,"column":6668},"end":{"line":8,"column":6683}},"464":{"start":{"line":8,"column":6684},"end":{"line":8,"column":6889}},"465":{"start":{"line":8,"column":6693},"end":{"line":8,"column":6698}},"466":{"start":{"line":8,"column":6701},"end":{"line":8,"column":6715}},"467":{"start":{"line":8,"column":6716},"end":{"line":8,"column":6871}},"468":{"start":{"line":8,"column":6862},"end":{"line":8,"column":6871}},"469":{"start":{"line":8,"column":6871},"end":{"line":8,"column":6879}},"470":{"start":{"line":8,"column":6889},"end":{"line":8,"column":6897}},"471":{"start":{"line":8,"column":6899},"end":{"line":8,"column":6971}},"472":{"start":{"line":8,"column":6933},"end":{"line":8,"column":6969}},"473":{"start":{"line":8,"column":6977},"end":{"line":8,"column":7008}},"474":{"start":{"line":8,"column":7011},"end":{"line":9,"column":76}},"475":{"start":{"line":8,"column":7023},"end":{"line":9,"column":75}},"476":{"start":{"line":9,"column":77},"end":{"line":9,"column":982}},"477":{"start":{"line":9,"column":111},"end":{"line":9,"column":209}},"478":{"start":{"line":9,"column":129},"end":{"line":9,"column":209}},"479":{"start":{"line":9,"column":209},"end":{"line":9,"column":382}},"480":{"start":{"line":9,"column":230},"end":{"line":9,"column":382}},"481":{"start":{"line":9,"column":382},"end":{"line":9,"column":948}},"482":{"start":{"line":9,"column":454},"end":{"line":9,"column":486}},"483":{"start":{"line":9,"column":551},"end":{"line":9,"column":948}},"484":{"start":{"line":9,"column":607},"end":{"line":9,"column":752}},"485":{"start":{"line":9,"column":763},"end":{"line":9,"column":827}},"486":{"start":{"line":9,"column":828},"end":{"line":9,"column":947}},"487":{"start":{"line":9,"column":862},"end":{"line":9,"column":947}},"488":{"start":{"line":9,"column":948},"end":{"line":9,"column":980}},"489":{"start":{"line":9,"column":982},"end":{"line":9,"column":1092}},"490":{"start":{"line":9,"column":1015},"end":{"line":9,"column":1090}},"491":{"start":{"line":9,"column":1092},"end":{"line":9,"column":1306}},"492":{"start":{"line":9,"column":1127},"end":{"line":9,"column":1177}},"493":{"start":{"line":9,"column":1178},"end":{"line":9,"column":1304}},"494":{"start":{"line":9,"column":1218},"end":{"line":9,"column":1300}},"495":{"start":{"line":9,"column":1306},"end":{"line":9,"column":2315}},"496":{"start":{"line":9,"column":1355},"end":{"line":9,"column":1359}},"497":{"start":{"line":9,"column":1360},"end":{"line":9,"column":1379}},"498":{"start":{"line":9,"column":1385},"end":{"line":9,"column":1387}},"499":{"start":{"line":9,"column":1388},"end":{"line":9,"column":1505}},"500":{"start":{"line":9,"column":1421},"end":{"line":9,"column":1502}},"501":{"start":{"line":9,"column":1476},"end":{"line":9,"column":1500}},"502":{"start":{"line":9,"column":1511},"end":{"line":9,"column":1525}},"503":{"start":{"line":9,"column":1526},"end":{"line":9,"column":2313}},"504":{"start":{"line":9,"column":1602},"end":{"line":9,"column":1630}},"505":{"start":{"line":9,"column":1636},"end":{"line":9,"column":1691}},"506":{"start":{"line":9,"column":1694},"end":{"line":9,"column":1703}},"507":{"start":{"line":9,"column":1706},"end":{"line":9,"column":1719}},"508":{"start":{"line":9,"column":1720},"end":{"line":9,"column":2059}},"509":{"start":{"line":9,"column":1788},"end":{"line":9,"column":1798}},"510":{"start":{"line":9,"column":1799},"end":{"line":9,"column":2029}},"511":{"start":{"line":9,"column":2151},"end":{"line":9,"column":2196}},"512":{"start":{"line":9,"column":2249},"end":{"line":9,"column":2287}},"513":{"start":{"line":9,"column":2315},"end":{"line":9,"column":2393}},"514":{"start":{"line":9,"column":2351},"end":{"line":9,"column":2391}},"515":{"start":{"line":9,"column":2393},"end":{"line":9,"column":2606}},"516":{"start":{"line":9,"column":2438},"end":{"line":9,"column":2440}},"517":{"start":{"line":9,"column":2441},"end":{"line":9,"column":2604}},"518":{"start":{"line":9,"column":2487},"end":{"line":9,"column":2506}},"519":{"start":{"line":9,"column":2507},"end":{"line":9,"column":2541}},"520":{"start":{"line":9,"column":2578},"end":{"line":9,"column":2594}},"521":{"start":{"line":9,"column":2606},"end":{"line":11,"column":100}},"522":{"start":{"line":9,"column":2643},"end":{"line":9,"column":2647}},"523":{"start":{"line":9,"column":2648},"end":{"line":9,"column":2715}},"524":{"start":{"line":9,"column":2703},"end":{"line":9,"column":2715}},"525":{"start":{"line":9,"column":2721},"end":{"line":10,"column":1}},"526":{"start":{"line":10,"column":2},"end":{"line":11,"column":98}},"527":{"start":{"line":10,"column":50},"end":{"line":10,"column":94}},"528":{"start":{"line":10,"column":97},"end":{"line":10,"column":121}},"529":{"start":{"line":10,"column":122},"end":{"line":11,"column":1}},"530":{"start":{"line":11,"column":74},"end":{"line":11,"column":90}},"531":{"start":{"line":11,"column":100},"end":{"line":11,"column":169}},"532":{"start":{"line":11,"column":132},"end":{"line":11,"column":167}},"533":{"start":{"line":11,"column":169},"end":{"line":11,"column":371}},"534":{"start":{"line":11,"column":207},"end":{"line":11,"column":211}},"535":{"start":{"line":11,"column":214},"end":{"line":11,"column":349}},"536":{"start":{"line":11,"column":251},"end":{"line":11,"column":295}},"537":{"start":{"line":11,"column":298},"end":{"line":11,"column":329}},"538":{"start":{"line":11,"column":330},"end":{"line":11,"column":338}},"539":{"start":{"line":11,"column":350},"end":{"line":11,"column":369}},"540":{"start":{"line":11,"column":371},"end":{"line":11,"column":509}},"541":{"start":{"line":11,"column":402},"end":{"line":11,"column":507}},"542":{"start":{"line":11,"column":478},"end":{"line":11,"column":504}},"543":{"start":{"line":11,"column":509},"end":{"line":11,"column":629}},"544":{"start":{"line":11,"column":539},"end":{"line":11,"column":627}},"545":{"start":{"line":11,"column":580},"end":{"line":11,"column":607}},"546":{"start":{"line":11,"column":629},"end":{"line":11,"column":692}},"547":{"start":{"line":11,"column":662},"end":{"line":11,"column":690}},"548":{"start":{"line":11,"column":692},"end":{"line":11,"column":758}},"549":{"start":{"line":11,"column":721},"end":{"line":11,"column":756}},"550":{"start":{"line":11,"column":758},"end":{"line":11,"column":977}},"551":{"start":{"line":11,"column":798},"end":{"line":11,"column":828}},"552":{"start":{"line":11,"column":829},"end":{"line":11,"column":964}},"553":{"start":{"line":11,"column":889},"end":{"line":11,"column":890}},"554":{"start":{"line":11,"column":891},"end":{"line":11,"column":963}},"555":{"start":{"line":11,"column":894},"end":{"line":11,"column":926}},"556":{"start":{"line":11,"column":920},"end":{"line":11,"column":926}},"557":{"start":{"line":11,"column":964},"end":{"line":11,"column":975}},"558":{"start":{"line":11,"column":977},"end":{"line":11,"column":1190}},"559":{"start":{"line":11,"column":1015},"end":{"line":11,"column":1042}},"560":{"start":{"line":11,"column":1047},"end":{"line":11,"column":1068}},"561":{"start":{"line":11,"column":1069},"end":{"line":11,"column":1177}},"562":{"start":{"line":11,"column":1072},"end":{"line":11,"column":1141}},"563":{"start":{"line":11,"column":1099},"end":{"line":11,"column":1135}},"564":{"start":{"line":11,"column":1135},"end":{"line":11,"column":1140}},"565":{"start":{"line":11,"column":1177},"end":{"line":11,"column":1188}},"566":{"start":{"line":11,"column":1190},"end":{"line":11,"column":1201}},"567":{"start":{"line":11,"column":1201},"end":{"line":11,"column":1215}},"568":{"start":{"line":11,"column":1215},"end":{"line":11,"column":1227}},"569":{"start":{"line":11,"column":1227},"end":{"line":11,"column":1238}},"570":{"start":{"line":11,"column":1247},"end":{"line":11,"column":1260}},"571":{"start":{"line":11,"column":1263},"end":{"line":11,"column":1266}},"572":{"start":{"line":11,"column":1269},"end":{"line":11,"column":1300}},"573":{"start":{"line":11,"column":1272},"end":{"line":11,"column":1300}},"574":{"start":{"line":11,"column":1299},"end":{"line":11,"column":1300}},"575":{"start":{"line":11,"column":1303},"end":{"line":11,"column":1327}},"576":{"start":{"line":11,"column":1310},"end":{"line":11,"column":1327}},"577":{"start":{"line":11,"column":1330},"end":{"line":11,"column":1503}},"578":{"start":{"line":11,"column":1340},"end":{"line":11,"column":1395}},"579":{"start":{"line":11,"column":1396},"end":{"line":11,"column":1502}},"580":{"start":{"line":11,"column":1456},"end":{"line":11,"column":1475}},"581":{"start":{"line":11,"column":1476},"end":{"line":11,"column":1497}},"582":{"start":{"line":11,"column":1506},"end":{"line":11,"column":1754}},"583":{"start":{"line":11,"column":1510},"end":{"line":11,"column":1550}},"584":{"start":{"line":11,"column":1556},"end":{"line":11,"column":1560}},"585":{"start":{"line":11,"column":1561},"end":{"line":11,"column":1753}},"586":{"start":{"line":11,"column":1757},"end":{"line":11,"column":1909}},"587":{"start":{"line":11,"column":1775},"end":{"line":11,"column":1783}},"588":{"start":{"line":11,"column":1784},"end":{"line":11,"column":1889}},"589":{"start":{"line":11,"column":1813},"end":{"line":11,"column":1824}},"590":{"start":{"line":11,"column":1827},"end":{"line":11,"column":1844}},"591":{"start":{"line":11,"column":1847},"end":{"line":11,"column":1869}},"592":{"start":{"line":11,"column":1870},"end":{"line":11,"column":1888}},"593":{"start":{"line":11,"column":1889},"end":{"line":11,"column":1908}},"594":{"start":{"line":11,"column":1910},"end":{"line":11,"column":2388}},"595":{"start":{"line":11,"column":1935},"end":{"line":11,"column":1962}},"596":{"start":{"line":11,"column":1968},"end":{"line":11,"column":1972}},"597":{"start":{"line":11,"column":1975},"end":{"line":11,"column":1979}},"598":{"start":{"line":11,"column":1982},"end":{"line":11,"column":2007}},"599":{"start":{"line":11,"column":2010},"end":{"line":11,"column":2044}},"600":{"start":{"line":11,"column":2047},"end":{"line":11,"column":2087}},"601":{"start":{"line":11,"column":2088},"end":{"line":11,"column":2386}},"602":{"start":{"line":11,"column":2119},"end":{"line":11,"column":2384}},"603":{"start":{"line":11,"column":2134},"end":{"line":11,"column":2162}},"604":{"start":{"line":11,"column":2193},"end":{"line":11,"column":2221}},"605":{"start":{"line":11,"column":2266},"end":{"line":11,"column":2306}},"606":{"start":{"line":11,"column":2307},"end":{"line":11,"column":2382}},"607":{"start":{"line":11,"column":2388},"end":{"line":11,"column":2411}}},"fnMap":{"0":{"name":"(anonymous_0)","decl":{"start":{"line":1,"column":6},"end":{"line":1,"column":7}},"loc":{"start":{"line":1,"column":13},"end":{"line":1,"column":63}},"line":1},"1":{"name":"(anonymous_1)","decl":{"start":{"line":1,"column":13},"end":{"line":1,"column":14}},"loc":{"start":{"line":1,"column":18},"end":{"line":1,"column":62}},"line":1},"2":{"name":"(anonymous_2)","decl":{"start":{"line":1,"column":72},"end":{"line":1,"column":73}},"loc":{"start":{"line":1,"column":79},"end":{"line":1,"column":1400}},"line":1},"3":{"name":"(anonymous_3)","decl":{"start":{"line":1,"column":81},"end":{"line":1,"column":82}},"loc":{"start":{"line":1,"column":94},"end":{"line":1,"column":237}},"line":1},"4":{"name":"(anonymous_4)","decl":{"start":{"line":1,"column":241},"end":{"line":1,"column":242}},"loc":{"start":{"line":1,"column":252},"end":{"line":1,"column":1398}},"line":1},"5":{"name":"n","decl":{"start":{"line":1,"column":398},"end":{"line":1,"column":399}},"loc":{"start":{"line":1,"column":402},"end":{"line":1,"column":791}},"line":1},"6":{"name":"o","decl":{"start":{"line":1,"column":800},"end":{"line":1,"column":801}},"loc":{"start":{"line":1,"column":808},"end":{"line":1,"column":908}},"line":1},"7":{"name":"u","decl":{"start":{"line":1,"column":917},"end":{"line":1,"column":918}},"loc":{"start":{"line":1,"column":921},"end":{"line":1,"column":1223}},"line":1},"8":{"name":"h","decl":{"start":{"line":1,"column":1232},"end":{"line":1,"column":1233}},"loc":{"start":{"line":1,"column":1236},"end":{"line":1,"column":1327}},"line":1},"9":{"name":"(anonymous_9)","decl":{"start":{"line":1,"column":1410},"end":{"line":1,"column":1411}},"loc":{"start":{"line":1,"column":1417},"end":{"line":11,"column":1239}},"line":1},"10":{"name":"i","decl":{"start":{"line":1,"column":1452},"end":{"line":1,"column":1453}},"loc":{"start":{"line":1,"column":1456},"end":{"line":1,"column":1500}},"line":1},"11":{"name":"(anonymous_11)","decl":{"start":{"line":1,"column":1517},"end":{"line":1,"column":1518}},"loc":{"start":{"line":1,"column":1528},"end":{"line":1,"column":1556}},"line":1},"12":{"name":"(anonymous_12)","decl":{"start":{"line":1,"column":1573},"end":{"line":1,"column":1574}},"loc":{"start":{"line":1,"column":1584},"end":{"line":1,"column":1621}},"line":1},"13":{"name":"(anonymous_13)","decl":{"start":{"line":1,"column":1628},"end":{"line":1,"column":1629}},"loc":{"start":{"line":1,"column":1643},"end":{"line":1,"column":1856}},"line":1},"14":{"name":"(anonymous_14)","decl":{"start":{"line":1,"column":1880},"end":{"line":1,"column":1881}},"loc":{"start":{"line":1,"column":1891},"end":{"line":1,"column":1906}},"line":1},"15":{"name":"(anonymous_15)","decl":{"start":{"line":1,"column":1931},"end":{"line":1,"column":1932}},"loc":{"start":{"line":1,"column":1942},"end":{"line":1,"column":1967}},"line":1},"16":{"name":"(anonymous_16)","decl":{"start":{"line":1,"column":1986},"end":{"line":1,"column":1987}},"loc":{"start":{"line":1,"column":1996},"end":{"line":1,"column":2162}},"line":1},"17":{"name":"(anonymous_17)","decl":{"start":{"line":1,"column":2184},"end":{"line":1,"column":2185}},"loc":{"start":{"line":1,"column":2195},"end":{"line":1,"column":2228}},"line":1},"18":{"name":"(anonymous_18)","decl":{"start":{"line":1,"column":2250},"end":{"line":1,"column":2251}},"loc":{"start":{"line":1,"column":2261},"end":{"line":1,"column":2294}},"line":1},"19":{"name":"(anonymous_19)","decl":{"start":{"line":1,"column":2320},"end":{"line":1,"column":2321}},"loc":{"start":{"line":1,"column":2331},"end":{"line":1,"column":2368}},"line":1},"20":{"name":"(anonymous_20)","decl":{"start":{"line":1,"column":2386},"end":{"line":1,"column":2387}},"loc":{"start":{"line":1,"column":2401},"end":{"line":1,"column":2494}},"line":1},"21":{"name":"(anonymous_21)","decl":{"start":{"line":1,"column":2519},"end":{"line":1,"column":2520}},"loc":{"start":{"line":1,"column":2530},"end":{"line":1,"column":2555}},"line":1},"22":{"name":"(anonymous_22)","decl":{"start":{"line":1,"column":2581},"end":{"line":1,"column":2582}},"loc":{"start":{"line":1,"column":2592},"end":{"line":1,"column":2617}},"line":1},"23":{"name":"(anonymous_23)","decl":{"start":{"line":1,"column":2636},"end":{"line":1,"column":2637}},"loc":{"start":{"line":1,"column":2647},"end":{"line":1,"column":2946}},"line":1},"24":{"name":"(anonymous_24)","decl":{"start":{"line":1,"column":2968},"end":{"line":1,"column":2969}},"loc":{"start":{"line":1,"column":2978},"end":{"line":1,"column":3021}},"line":1},"25":{"name":"(anonymous_25)","decl":{"start":{"line":1,"column":3042},"end":{"line":1,"column":3043}},"loc":{"start":{"line":1,"column":3053},"end":{"line":1,"column":3334}},"line":1},"26":{"name":"(anonymous_26)","decl":{"start":{"line":1,"column":3357},"end":{"line":1,"column":3358}},"loc":{"start":{"line":1,"column":3368},"end":{"line":1,"column":3654}},"line":1},"27":{"name":"(anonymous_27)","decl":{"start":{"line":1,"column":3661},"end":{"line":1,"column":3662}},"loc":{"start":{"line":1,"column":3671},"end":{"line":1,"column":3763}},"line":1},"28":{"name":"(anonymous_28)","decl":{"start":{"line":1,"column":3825},"end":{"line":1,"column":3826}},"loc":{"start":{"line":1,"column":3836},"end":{"line":1,"column":3889}},"line":1},"29":{"name":"(anonymous_29)","decl":{"start":{"line":1,"column":3920},"end":{"line":1,"column":3921}},"loc":{"start":{"line":1,"column":3931},"end":{"line":1,"column":3981}},"line":1},"30":{"name":"(anonymous_30)","decl":{"start":{"line":1,"column":3989},"end":{"line":1,"column":3990}},"loc":{"start":{"line":1,"column":4000},"end":{"line":1,"column":4147}},"line":1},"31":{"name":"(anonymous_31)","decl":{"start":{"line":1,"column":4169},"end":{"line":1,"column":4170}},"loc":{"start":{"line":1,"column":4179},"end":{"line":1,"column":4208}},"line":1},"32":{"name":"(anonymous_32)","decl":{"start":{"line":1,"column":4227},"end":{"line":1,"column":4228}},"loc":{"start":{"line":1,"column":4237},"end":{"line":1,"column":4309}},"line":1},"33":{"name":"T","decl":{"start":{"line":1,"column":4319},"end":{"line":1,"column":4320}},"loc":{"start":{"line":1,"column":4323},"end":{"line":2,"column":294}},"line":1},"34":{"name":"(anonymous_34)","decl":{"start":{"line":2,"column":14},"end":{"line":2,"column":15}},"loc":{"start":{"line":2,"column":25},"end":{"line":2,"column":47}},"line":2},"35":{"name":"(anonymous_35)","decl":{"start":{"line":2,"column":60},"end":{"line":2,"column":61}},"loc":{"start":{"line":2,"column":71},"end":{"line":2,"column":95}},"line":2},"36":{"name":"(anonymous_36)","decl":{"start":{"line":2,"column":186},"end":{"line":2,"column":187}},"loc":{"start":{"line":2,"column":199},"end":{"line":2,"column":251}},"line":2},"37":{"name":"F","decl":{"start":{"line":2,"column":303},"end":{"line":2,"column":304}},"loc":{"start":{"line":2,"column":309},"end":{"line":2,"column":472}},"line":2},"38":{"name":"U","decl":{"start":{"line":2,"column":513},"end":{"line":2,"column":514}},"loc":{"start":{"line":2,"column":517},"end":{"line":2,"column":555}},"line":2},"39":{"name":"M","decl":{"start":{"line":2,"column":564},"end":{"line":2,"column":565}},"loc":{"start":{"line":2,"column":568},"end":{"line":3,"column":180}},"line":2},"40":{"name":"(anonymous_40)","decl":{"start":{"line":3,"column":65},"end":{"line":3,"column":66}},"loc":{"start":{"line":3,"column":76},"end":{"line":3,"column":179}},"line":3},"41":{"name":"(anonymous_41)","decl":{"start":{"line":3,"column":186},"end":{"line":3,"column":187}},"loc":{"start":{"line":3,"column":197},"end":{"line":3,"column":346}},"line":3},"42":{"name":"(anonymous_42)","decl":{"start":{"line":3,"column":367},"end":{"line":3,"column":368}},"loc":{"start":{"line":3,"column":384},"end":{"line":3,"column":579}},"line":3},"43":{"name":"(anonymous_43)","decl":{"start":{"line":3,"column":609},"end":{"line":3,"column":610}},"loc":{"start":{"line":3,"column":628},"end":{"line":4,"column":206}},"line":3},"44":{"name":"(anonymous_44)","decl":{"start":{"line":4,"column":227},"end":{"line":4,"column":228}},"loc":{"start":{"line":4,"column":238},"end":{"line":5,"column":200}},"line":4},"45":{"name":"(anonymous_45)","decl":{"start":{"line":6,"column":50},"end":{"line":6,"column":51}},"loc":{"start":{"line":6,"column":63},"end":{"line":6,"column":657}},"line":6},"46":{"name":"(anonymous_46)","decl":{"start":{"line":6,"column":691},"end":{"line":6,"column":692}},"loc":{"start":{"line":6,"column":702},"end":{"line":6,"column":734}},"line":6},"47":{"name":"(anonymous_47)","decl":{"start":{"line":6,"column":754},"end":{"line":6,"column":755}},"loc":{"start":{"line":6,"column":765},"end":{"line":6,"column":868}},"line":6},"48":{"name":"(anonymous_48)","decl":{"start":{"line":6,"column":892},"end":{"line":6,"column":893}},"loc":{"start":{"line":6,"column":905},"end":{"line":6,"column":1064}},"line":6},"49":{"name":"(anonymous_49)","decl":{"start":{"line":6,"column":1089},"end":{"line":6,"column":1090}},"loc":{"start":{"line":6,"column":1102},"end":{"line":6,"column":1264}},"line":6},"50":{"name":"(anonymous_50)","decl":{"start":{"line":6,"column":1283},"end":{"line":6,"column":1284}},"loc":{"start":{"line":6,"column":1293},"end":{"line":6,"column":1720}},"line":6},"51":{"name":"(anonymous_51)","decl":{"start":{"line":6,"column":1752},"end":{"line":6,"column":1753}},"loc":{"start":{"line":6,"column":1763},"end":{"line":6,"column":2327}},"line":6},"52":{"name":"(anonymous_52)","decl":{"start":{"line":6,"column":1925},"end":{"line":6,"column":1926}},"loc":{"start":{"line":6,"column":1936},"end":{"line":6,"column":2153}},"line":6},"53":{"name":"(anonymous_53)","decl":{"start":{"line":6,"column":2352},"end":{"line":6,"column":2353}},"loc":{"start":{"line":6,"column":2363},"end":{"line":6,"column":2405}},"line":6},"54":{"name":"(anonymous_54)","decl":{"start":{"line":6,"column":2434},"end":{"line":6,"column":2435}},"loc":{"start":{"line":6,"column":2444},"end":{"line":6,"column":2493}},"line":6},"55":{"name":"(anonymous_55)","decl":{"start":{"line":6,"column":2513},"end":{"line":6,"column":2514}},"loc":{"start":{"line":6,"column":2526},"end":{"line":8,"column":160}},"line":6},"56":{"name":"(anonymous_56)","decl":{"start":{"line":6,"column":2723},"end":{"line":6,"column":2724}},"loc":{"start":{"line":6,"column":2734},"end":{"line":6,"column":2770}},"line":6},"57":{"name":"(anonymous_57)","decl":{"start":{"line":6,"column":2799},"end":{"line":6,"column":2800}},"loc":{"start":{"line":6,"column":2810},"end":{"line":6,"column":2836}},"line":6},"58":{"name":"(anonymous_58)","decl":{"start":{"line":8,"column":180},"end":{"line":8,"column":181}},"loc":{"start":{"line":8,"column":190},"end":{"line":8,"column":290}},"line":8},"59":{"name":"(anonymous_59)","decl":{"start":{"line":8,"column":314},"end":{"line":8,"column":315}},"loc":{"start":{"line":8,"column":327},"end":{"line":8,"column":487}},"line":8},"60":{"name":"(anonymous_60)","decl":{"start":{"line":8,"column":512},"end":{"line":8,"column":513}},"loc":{"start":{"line":8,"column":525},"end":{"line":8,"column":692}},"line":8},"61":{"name":"(anonymous_61)","decl":{"start":{"line":8,"column":710},"end":{"line":8,"column":711}},"loc":{"start":{"line":8,"column":725},"end":{"line":8,"column":1239}},"line":8},"62":{"name":"(anonymous_62)","decl":{"start":{"line":8,"column":1262},"end":{"line":8,"column":1263}},"loc":{"start":{"line":8,"column":1279},"end":{"line":8,"column":2255}},"line":8},"63":{"name":"(anonymous_63)","decl":{"start":{"line":8,"column":2276},"end":{"line":8,"column":2277}},"loc":{"start":{"line":8,"column":2287},"end":{"line":8,"column":2400}},"line":8},"64":{"name":"(anonymous_64)","decl":{"start":{"line":8,"column":2425},"end":{"line":8,"column":2426}},"loc":{"start":{"line":8,"column":2438},"end":{"line":8,"column":2608}},"line":8},"65":{"name":"(anonymous_65)","decl":{"start":{"line":8,"column":2634},"end":{"line":8,"column":2635}},"loc":{"start":{"line":8,"column":2647},"end":{"line":8,"column":2820}},"line":8},"66":{"name":"(anonymous_66)","decl":{"start":{"line":8,"column":2840},"end":{"line":8,"column":2841}},"loc":{"start":{"line":8,"column":2853},"end":{"line":8,"column":3216}},"line":8},"67":{"name":"(anonymous_67)","decl":{"start":{"line":8,"column":3238},"end":{"line":8,"column":3239}},"loc":{"start":{"line":8,"column":3248},"end":{"line":8,"column":3572}},"line":8},"68":{"name":"(anonymous_68)","decl":{"start":{"line":8,"column":3594},"end":{"line":8,"column":3595}},"loc":{"start":{"line":8,"column":3604},"end":{"line":8,"column":4114}},"line":8},"69":{"name":"(anonymous_69)","decl":{"start":{"line":8,"column":4133},"end":{"line":8,"column":4134}},"loc":{"start":{"line":8,"column":4146},"end":{"line":8,"column":4824}},"line":8},"70":{"name":"(anonymous_70)","decl":{"start":{"line":8,"column":4842},"end":{"line":8,"column":4843}},"loc":{"start":{"line":8,"column":4855},"end":{"line":8,"column":4928}},"line":8},"71":{"name":"(anonymous_71)","decl":{"start":{"line":8,"column":4948},"end":{"line":8,"column":4949}},"loc":{"start":{"line":8,"column":4959},"end":{"line":8,"column":5135}},"line":8},"72":{"name":"(anonymous_72)","decl":{"start":{"line":8,"column":5160},"end":{"line":8,"column":5161}},"loc":{"start":{"line":8,"column":5173},"end":{"line":8,"column":5495}},"line":8},"73":{"name":"(anonymous_73)","decl":{"start":{"line":8,"column":5517},"end":{"line":8,"column":5518}},"loc":{"start":{"line":8,"column":5527},"end":{"line":8,"column":5615}},"line":8},"74":{"name":"(anonymous_74)","decl":{"start":{"line":8,"column":5636},"end":{"line":8,"column":5637}},"loc":{"start":{"line":8,"column":5646},"end":{"line":8,"column":5808}},"line":8},"75":{"name":"(anonymous_75)","decl":{"start":{"line":8,"column":5828},"end":{"line":8,"column":5829}},"loc":{"start":{"line":8,"column":5838},"end":{"line":8,"column":5943}},"line":8},"76":{"name":"(anonymous_76)","decl":{"start":{"line":8,"column":5966},"end":{"line":8,"column":5967}},"loc":{"start":{"line":8,"column":5976},"end":{"line":8,"column":6006}},"line":8},"77":{"name":"(anonymous_77)","decl":{"start":{"line":8,"column":6024},"end":{"line":8,"column":6025}},"loc":{"start":{"line":8,"column":6035},"end":{"line":8,"column":6072}},"line":8},"78":{"name":"(anonymous_78)","decl":{"start":{"line":8,"column":6100},"end":{"line":8,"column":6101}},"loc":{"start":{"line":8,"column":6111},"end":{"line":8,"column":6449}},"line":8},"79":{"name":"(anonymous_79)","decl":{"start":{"line":8,"column":6470},"end":{"line":8,"column":6471}},"loc":{"start":{"line":8,"column":6481},"end":{"line":8,"column":6517}},"line":8},"80":{"name":"(anonymous_80)","decl":{"start":{"line":8,"column":6547},"end":{"line":8,"column":6548}},"loc":{"start":{"line":8,"column":6558},"end":{"line":8,"column":6898}},"line":8},"81":{"name":"(anonymous_81)","decl":{"start":{"line":8,"column":6921},"end":{"line":8,"column":6922}},"loc":{"start":{"line":8,"column":6932},"end":{"line":8,"column":6970}},"line":8},"82":{"name":"(anonymous_82)","decl":{"start":{"line":8,"column":7011},"end":{"line":8,"column":7012}},"loc":{"start":{"line":8,"column":7022},"end":{"line":9,"column":76}},"line":8},"83":{"name":"(anonymous_83)","decl":{"start":{"line":9,"column":99},"end":{"line":9,"column":100}},"loc":{"start":{"line":9,"column":110},"end":{"line":9,"column":981}},"line":9},"84":{"name":"(anonymous_84)","decl":{"start":{"line":9,"column":442},"end":{"line":9,"column":443}},"loc":{"start":{"line":9,"column":453},"end":{"line":9,"column":487}},"line":9},"85":{"name":"(anonymous_85)","decl":{"start":{"line":9,"column":1001},"end":{"line":9,"column":1002}},"loc":{"start":{"line":9,"column":1014},"end":{"line":9,"column":1091}},"line":9},"86":{"name":"(anonymous_86)","decl":{"start":{"line":9,"column":1110},"end":{"line":9,"column":1111}},"loc":{"start":{"line":9,"column":1120},"end":{"line":9,"column":1305}},"line":9},"87":{"name":"(anonymous_87)","decl":{"start":{"line":9,"column":1206},"end":{"line":9,"column":1207}},"loc":{"start":{"line":9,"column":1217},"end":{"line":9,"column":1301}},"line":9},"88":{"name":"(anonymous_88)","decl":{"start":{"line":9,"column":1337},"end":{"line":9,"column":1338}},"loc":{"start":{"line":9,"column":1348},"end":{"line":9,"column":2314}},"line":9},"89":{"name":"(anonymous_89)","decl":{"start":{"line":9,"column":1409},"end":{"line":9,"column":1410}},"loc":{"start":{"line":9,"column":1420},"end":{"line":9,"column":1503}},"line":9},"90":{"name":"(anonymous_90)","decl":{"start":{"line":9,"column":1464},"end":{"line":9,"column":1465}},"loc":{"start":{"line":9,"column":1475},"end":{"line":9,"column":1501}},"line":9},"91":{"name":"(anonymous_91)","decl":{"start":{"line":9,"column":1588},"end":{"line":9,"column":1589}},"loc":{"start":{"line":9,"column":1601},"end":{"line":9,"column":2060}},"line":9},"92":{"name":"(anonymous_92)","decl":{"start":{"line":9,"column":1770},"end":{"line":9,"column":1771}},"loc":{"start":{"line":9,"column":1781},"end":{"line":9,"column":2030}},"line":9},"93":{"name":"(anonymous_93)","decl":{"start":{"line":9,"column":2139},"end":{"line":9,"column":2140}},"loc":{"start":{"line":9,"column":2150},"end":{"line":9,"column":2197}},"line":9},"94":{"name":"(anonymous_94)","decl":{"start":{"line":9,"column":2237},"end":{"line":9,"column":2238}},"loc":{"start":{"line":9,"column":2248},"end":{"line":9,"column":2288}},"line":9},"95":{"name":"(anonymous_95)","decl":{"start":{"line":9,"column":2339},"end":{"line":9,"column":2340}},"loc":{"start":{"line":9,"column":2350},"end":{"line":9,"column":2392}},"line":9},"96":{"name":"(anonymous_96)","decl":{"start":{"line":9,"column":2421},"end":{"line":9,"column":2422}},"loc":{"start":{"line":9,"column":2431},"end":{"line":9,"column":2605}},"line":9},"97":{"name":"(anonymous_97)","decl":{"start":{"line":9,"column":2469},"end":{"line":9,"column":2470}},"loc":{"start":{"line":9,"column":2480},"end":{"line":9,"column":2542}},"line":9},"98":{"name":"(anonymous_98)","decl":{"start":{"line":9,"column":2564},"end":{"line":9,"column":2565}},"loc":{"start":{"line":9,"column":2577},"end":{"line":9,"column":2595}},"line":9},"99":{"name":"(anonymous_99)","decl":{"start":{"line":9,"column":2625},"end":{"line":9,"column":2626}},"loc":{"start":{"line":9,"column":2636},"end":{"line":11,"column":99}},"line":9},"100":{"name":"(anonymous_100)","decl":{"start":{"line":10,"column":30},"end":{"line":10,"column":31}},"loc":{"start":{"line":10,"column":43},"end":{"line":11,"column":2}},"line":10},"101":{"name":"(anonymous_101)","decl":{"start":{"line":11,"column":60},"end":{"line":11,"column":61}},"loc":{"start":{"line":11,"column":73},"end":{"line":11,"column":91}},"line":11},"102":{"name":"(anonymous_102)","decl":{"start":{"line":11,"column":120},"end":{"line":11,"column":121}},"loc":{"start":{"line":11,"column":131},"end":{"line":11,"column":168}},"line":11},"103":{"name":"(anonymous_103)","decl":{"start":{"line":11,"column":190},"end":{"line":11,"column":191}},"loc":{"start":{"line":11,"column":200},"end":{"line":11,"column":370}},"line":11},"104":{"name":"(anonymous_104)","decl":{"start":{"line":11,"column":231},"end":{"line":11,"column":232}},"loc":{"start":{"line":11,"column":244},"end":{"line":11,"column":339}},"line":11},"105":{"name":"(anonymous_105)","decl":{"start":{"line":11,"column":391},"end":{"line":11,"column":392}},"loc":{"start":{"line":11,"column":401},"end":{"line":11,"column":508}},"line":11},"106":{"name":"(anonymous_106)","decl":{"start":{"line":11,"column":466},"end":{"line":11,"column":467}},"loc":{"start":{"line":11,"column":477},"end":{"line":11,"column":505}},"line":11},"107":{"name":"(anonymous_107)","decl":{"start":{"line":11,"column":528},"end":{"line":11,"column":529}},"loc":{"start":{"line":11,"column":538},"end":{"line":11,"column":628}},"line":11},"108":{"name":"(anonymous_108)","decl":{"start":{"line":11,"column":566},"end":{"line":11,"column":567}},"loc":{"start":{"line":11,"column":579},"end":{"line":11,"column":608}},"line":11},"109":{"name":"(anonymous_109)","decl":{"start":{"line":11,"column":651},"end":{"line":11,"column":652}},"loc":{"start":{"line":11,"column":661},"end":{"line":11,"column":691}},"line":11},"110":{"name":"(anonymous_110)","decl":{"start":{"line":11,"column":709},"end":{"line":11,"column":710}},"loc":{"start":{"line":11,"column":720},"end":{"line":11,"column":757}},"line":11},"111":{"name":"(anonymous_111)","decl":{"start":{"line":11,"column":780},"end":{"line":11,"column":781}},"loc":{"start":{"line":11,"column":791},"end":{"line":11,"column":976}},"line":11},"112":{"name":"(anonymous_112)","decl":{"start":{"line":11,"column":997},"end":{"line":11,"column":998}},"loc":{"start":{"line":11,"column":1008},"end":{"line":11,"column":1189}},"line":11},"113":{"name":"(anonymous_113)","decl":{"start":{"line":11,"column":1269},"end":{"line":11,"column":1270}},"loc":{"start":{"line":11,"column":1272},"end":{"line":11,"column":1300}},"line":11},"114":{"name":"(anonymous_114)","decl":{"start":{"line":11,"column":1295},"end":{"line":11,"column":1296}},"loc":{"start":{"line":11,"column":1299},"end":{"line":11,"column":1300}},"line":11},"115":{"name":"(anonymous_115)","decl":{"start":{"line":11,"column":1303},"end":{"line":11,"column":1304}},"loc":{"start":{"line":11,"column":1310},"end":{"line":11,"column":1327}},"line":11},"116":{"name":"(anonymous_116)","decl":{"start":{"line":11,"column":1330},"end":{"line":11,"column":1331}},"loc":{"start":{"line":11,"column":1333},"end":{"line":11,"column":1503}},"line":11},"117":{"name":"(anonymous_117)","decl":{"start":{"line":11,"column":1442},"end":{"line":11,"column":1443}},"loc":{"start":{"line":11,"column":1449},"end":{"line":11,"column":1498}},"line":11},"118":{"name":"(anonymous_118)","decl":{"start":{"line":11,"column":1506},"end":{"line":11,"column":1507}},"loc":{"start":{"line":11,"column":1509},"end":{"line":11,"column":1754}},"line":11},"119":{"name":"(anonymous_119)","decl":{"start":{"line":11,"column":1757},"end":{"line":11,"column":1758}},"loc":{"start":{"line":11,"column":1768},"end":{"line":11,"column":1909}},"line":11},"120":{"name":"(anonymous_120)","decl":{"start":{"line":11,"column":1926},"end":{"line":11,"column":1927}},"loc":{"start":{"line":11,"column":1934},"end":{"line":11,"column":2387}},"line":11},"121":{"name":"(anonymous_121)","decl":{"start":{"line":11,"column":2110},"end":{"line":11,"column":2111}},"loc":{"start":{"line":11,"column":2118},"end":{"line":11,"column":2385}},"line":11},"122":{"name":"(anonymous_122)","decl":{"start":{"line":11,"column":2129},"end":{"line":11,"column":2130}},"loc":{"start":{"line":11,"column":2133},"end":{"line":11,"column":2163}},"line":11},"123":{"name":"(anonymous_123)","decl":{"start":{"line":11,"column":2188},"end":{"line":11,"column":2189}},"loc":{"start":{"line":11,"column":2192},"end":{"line":11,"column":2222}},"line":11},"124":{"name":"(anonymous_124)","decl":{"start":{"line":11,"column":2250},"end":{"line":11,"column":2251}},"loc":{"start":{"line":11,"column":2259},"end":{"line":11,"column":2383}},"line":11}},"branchMap":{"0":{"loc":{"start":{"line":1,"column":18},"end":{"line":1,"column":52}},"type":"binary-expr","locations":[{"start":{"line":1,"column":18},"end":{"line":1,"column":19}},{"start":{"line":1,"column":22},"end":{"line":1,"column":51}}],"line":1},"1":{"loc":{"start":{"line":1,"column":95},"end":{"line":1,"column":236}},"type":"cond-expr","locations":[{"start":{"line":1,"column":137},"end":{"line":1,"column":141}},{"start":{"line":1,"column":142},"end":{"line":1,"column":236}}],"line":1},"2":{"loc":{"start":{"line":1,"column":95},"end":{"line":1,"column":136}},"type":"binary-expr","locations":[{"start":{"line":1,"column":95},"end":{"line":1,"column":113}},{"start":{"line":1,"column":115},"end":{"line":1,"column":136}}],"line":1},"3":{"loc":{"start":{"line":1,"column":142},"end":{"line":1,"column":236}},"type":"cond-expr","locations":[{"start":{"line":1,"column":180},"end":{"line":1,"column":201}},{"start":{"line":1,"column":203},"end":{"line":1,"column":235}}],"line":1},"4":{"loc":{"start":{"line":1,"column":142},"end":{"line":1,"column":179}},"type":"binary-expr","locations":[{"start":{"line":1,"column":142},"end":{"line":1,"column":167}},{"start":{"line":1,"column":169},"end":{"line":1,"column":179}}],"line":1},"5":{"loc":{"start":{"line":1,"column":205},"end":{"line":1,"column":212}},"type":"binary-expr","locations":[{"start":{"line":1,"column":205},"end":{"line":1,"column":206}},{"start":{"line":1,"column":208},"end":{"line":1,"column":212}}],"line":1},"6":{"loc":{"start":{"line":1,"column":489},"end":{"line":1,"column":762}},"type":"if","locations":[{"start":{"line":1,"column":489},"end":{"line":1,"column":762}},{"start":{"line":1,"column":517},"end":{"line":1,"column":762}}],"line":1},"7":{"loc":{"start":{"line":1,"column":517},"end":{"line":1,"column":762}},"type":"if","locations":[{"start":{"line":1,"column":517},"end":{"line":1,"column":762}},{"start":{"line":1,"column":566},"end":{"line":1,"column":762}}],"line":1},"8":{"loc":{"start":{"line":1,"column":578},"end":{"line":1,"column":658}},"type":"if","locations":[{"start":{"line":1,"column":578},"end":{"line":1,"column":658}},{"start":{},"end":{}}],"line":1},"9":{"loc":{"start":{"line":1,"column":669},"end":{"line":1,"column":761}},"type":"if","locations":[{"start":{"line":1,"column":669},"end":{"line":1,"column":761}},{"start":{"line":1,"column":697},"end":{"line":1,"column":761}}],"line":1},"10":{"loc":{"start":{"line":1,"column":715},"end":{"line":1,"column":742}},"type":"binary-expr","locations":[{"start":{"line":1,"column":715},"end":{"line":1,"column":716}},{"start":{"line":1,"column":719},"end":{"line":1,"column":741}}],"line":1},"11":{"loc":{"start":{"line":1,"column":721},"end":{"line":1,"column":741}},"type":"cond-expr","locations":[{"start":{"line":1,"column":727},"end":{"line":1,"column":738}},{"start":{"line":1,"column":739},"end":{"line":1,"column":741}}],"line":1},"12":{"loc":{"start":{"line":1,"column":809},"end":{"line":1,"column":907}},"type":"cond-expr","locations":[{"start":{"line":1,"column":815},"end":{"line":1,"column":844}},{"start":{"line":1,"column":845},"end":{"line":1,"column":907}}],"line":1},"13":{"loc":{"start":{"line":1,"column":845},"end":{"line":1,"column":907}},"type":"cond-expr","locations":[{"start":{"line":1,"column":851},"end":{"line":1,"column":885}},{"start":{"line":1,"column":886},"end":{"line":1,"column":907}}],"line":1},"14":{"loc":{"start":{"line":1,"column":886},"end":{"line":1,"column":907}},"type":"binary-expr","locations":[{"start":{"line":1,"column":886},"end":{"line":1,"column":891}},{"start":{"line":1,"column":893},"end":{"line":1,"column":907}}],"line":1},"15":{"loc":{"start":{"line":1,"column":982},"end":{"line":1,"column":1213}},"type":"if","locations":[{"start":{"line":1,"column":982},"end":{"line":1,"column":1213}},{"start":{},"end":{}}],"line":1},"16":{"loc":{"start":{"line":1,"column":985},"end":{"line":1,"column":998}},"type":"binary-expr","locations":[{"start":{"line":1,"column":985},"end":{"line":1,"column":988}},{"start":{"line":1,"column":991},"end":{"line":1,"column":997}}],"line":1},"17":{"loc":{"start":{"line":1,"column":1084},"end":{"line":1,"column":1151}},"type":"binary-expr","locations":[{"start":{"line":1,"column":1084},"end":{"line":1,"column":1094}},{"start":{"line":1,"column":1097},"end":{"line":1,"column":1150}}],"line":1},"18":{"loc":{"start":{"line":1,"column":1152},"end":{"line":1,"column":1187}},"type":"binary-expr","locations":[{"start":{"line":1,"column":1152},"end":{"line":1,"column":1164}},{"start":{"line":1,"column":1167},"end":{"line":1,"column":1186}}],"line":1},"19":{"loc":{"start":{"line":1,"column":1248},"end":{"line":1,"column":1264}},"type":"cond-expr","locations":[{"start":{"line":1,"column":1252},"end":{"line":1,"column":1259}},{"start":{"line":1,"column":1260},"end":{"line":1,"column":1264}}],"line":1},"20":{"loc":{"start":{"line":1,"column":1286},"end":{"line":1,"column":1298}},"type":"binary-expr","locations":[{"start":{"line":1,"column":1286},"end":{"line":1,"column":1289}},{"start":{"line":1,"column":1292},"end":{"line":1,"column":1297}}],"line":1},"21":{"loc":{"start":{"line":1,"column":1467},"end":{"line":1,"column":1499}},"type":"cond-expr","locations":[{"start":{"line":1,"column":1482},"end":{"line":1,"column":1496}},{"start":{"line":1,"column":1497},"end":{"line":1,"column":1499}}],"line":1},"22":{"loc":{"start":{"line":1,"column":2203},"end":{"line":1,"column":2227}},"type":"binary-expr","locations":[{"start":{"line":1,"column":2203},"end":{"line":1,"column":2215}},{"start":{"line":1,"column":2217},"end":{"line":1,"column":2227}}],"line":1},"23":{"loc":{"start":{"line":1,"column":2424},"end":{"line":1,"column":2456}},"type":"binary-expr","locations":[{"start":{"line":1,"column":2424},"end":{"line":1,"column":2425}},{"start":{"line":1,"column":2428},"end":{"line":1,"column":2455}}],"line":1},"24":{"loc":{"start":{"line":1,"column":2812},"end":{"line":1,"column":2870}},"type":"cond-expr","locations":[{"start":{"line":1,"column":2825},"end":{"line":1,"column":2854}},{"start":{"line":1,"column":2856},"end":{"line":1,"column":2870}}],"line":1},"25":{"loc":{"start":{"line":1,"column":2888},"end":{"line":1,"column":2915}},"type":"binary-expr","locations":[{"start":{"line":1,"column":2888},"end":{"line":1,"column":2894}},{"start":{"line":1,"column":2897},"end":{"line":1,"column":2914}}],"line":1},"26":{"loc":{"start":{"line":1,"column":3054},"end":{"line":1,"column":3120}},"type":"if","locations":[{"start":{"line":1,"column":3054},"end":{"line":1,"column":3120}},{"start":{},"end":{}}],"line":1},"27":{"loc":{"start":{"line":1,"column":3153},"end":{"line":1,"column":3244}},"type":"if","locations":[{"start":{"line":1,"column":3153},"end":{"line":1,"column":3244}},{"start":{},"end":{}}],"line":1},"28":{"loc":{"start":{"line":1,"column":3172},"end":{"line":1,"column":3240}},"type":"binary-expr","locations":[{"start":{"line":1,"column":3172},"end":{"line":1,"column":3188}},{"start":{"line":1,"column":3190},"end":{"line":1,"column":3240}}],"line":1},"29":{"loc":{"start":{"line":1,"column":3244},"end":{"line":1,"column":3333}},"type":"if","locations":[{"start":{"line":1,"column":3244},"end":{"line":1,"column":3333}},{"start":{},"end":{}}],"line":1},"30":{"loc":{"start":{"line":1,"column":3369},"end":{"line":1,"column":3435}},"type":"if","locations":[{"start":{"line":1,"column":3369},"end":{"line":1,"column":3435}},{"start":{},"end":{}}],"line":1},"31":{"loc":{"start":{"line":1,"column":3468},"end":{"line":1,"column":3564}},"type":"if","locations":[{"start":{"line":1,"column":3468},"end":{"line":1,"column":3564}},{"start":{},"end":{}}],"line":1},"32":{"loc":{"start":{"line":1,"column":3487},"end":{"line":1,"column":3560}},"type":"binary-expr","locations":[{"start":{"line":1,"column":3487},"end":{"line":1,"column":3503}},{"start":{"line":1,"column":3506},"end":{"line":1,"column":3559}}],"line":1},"33":{"loc":{"start":{"line":1,"column":3564},"end":{"line":1,"column":3653}},"type":"if","locations":[{"start":{"line":1,"column":3564},"end":{"line":1,"column":3653}},{"start":{},"end":{}}],"line":1},"34":{"loc":{"start":{"line":1,"column":3764},"end":{"line":1,"column":3982}},"type":"cond-expr","locations":[{"start":{"line":1,"column":3823},"end":{"line":1,"column":3889}},{"start":{"line":1,"column":3890},"end":{"line":1,"column":3982}}],"line":1},"35":{"loc":{"start":{"line":1,"column":3764},"end":{"line":1,"column":3822}},"type":"binary-expr","locations":[{"start":{"line":1,"column":3764},"end":{"line":1,"column":3790}},{"start":{"line":1,"column":3792},"end":{"line":1,"column":3822}}],"line":1},"36":{"loc":{"start":{"line":1,"column":3890},"end":{"line":1,"column":3982}},"type":"binary-expr","locations":[{"start":{"line":1,"column":3890},"end":{"line":1,"column":3915}},{"start":{"line":1,"column":3918},"end":{"line":1,"column":3981}}],"line":1},"37":{"loc":{"start":{"line":2,"column":97},"end":{"line":2,"column":139}},"type":"if","locations":[{"start":{"line":2,"column":97},"end":{"line":2,"column":139}},{"start":{},"end":{}}],"line":2},"38":{"loc":{"start":{"line":2,"column":100},"end":{"line":2,"column":126}},"type":"binary-expr","locations":[{"start":{"line":2,"column":100},"end":{"line":2,"column":112}},{"start":{"line":2,"column":114},"end":{"line":2,"column":126}}],"line":2},"39":{"loc":{"start":{"line":2,"column":139},"end":{"line":2,"column":171}},"type":"if","locations":[{"start":{"line":2,"column":139},"end":{"line":2,"column":171}},{"start":{},"end":{}}],"line":2},"40":{"loc":{"start":{"line":2,"column":397},"end":{"line":2,"column":443}},"type":"if","locations":[{"start":{"line":2,"column":397},"end":{"line":2,"column":443}},{"start":{},"end":{}}],"line":2},"41":{"loc":{"start":{"line":3,"column":119},"end":{"line":3,"column":135}},"type":"cond-expr","locations":[{"start":{"line":3,"column":126},"end":{"line":3,"column":129}},{"start":{"line":3,"column":130},"end":{"line":3,"column":135}}],"line":3},"42":{"loc":{"start":{"line":3,"column":385},"end":{"line":3,"column":545}},"type":"if","locations":[{"start":{"line":3,"column":385},"end":{"line":3,"column":545}},{"start":{"line":3,"column":495},"end":{"line":3,"column":545}}],"line":3},"43":{"loc":{"start":{"line":3,"column":449},"end":{"line":3,"column":464}},"type":"binary-expr","locations":[{"start":{"line":3,"column":449},"end":{"line":3,"column":453}},{"start":{"line":3,"column":455},"end":{"line":3,"column":464}}],"line":3},"44":{"loc":{"start":{"line":3,"column":495},"end":{"line":3,"column":544}},"type":"binary-expr","locations":[{"start":{"line":3,"column":495},"end":{"line":3,"column":507}},{"start":{"line":3,"column":509},"end":{"line":3,"column":544}}],"line":3},"45":{"loc":{"start":{"line":3,"column":661},"end":{"line":3,"column":755}},"type":"binary-expr","locations":[{"start":{"line":3,"column":662},"end":{"line":3,"column":672}},{"start":{"line":3,"column":674},"end":{"line":3,"column":675}},{"start":{"line":3,"column":677},"end":{"line":3,"column":685}},{"start":{"line":3,"column":688},"end":{"line":3,"column":755}}],"line":3},"46":{"loc":{"start":{"line":3,"column":756},"end":{"line":4,"column":182}},"type":"cond-expr","locations":[{"start":{"line":4,"column":3},"end":{"line":4,"column":134}},{"start":{"line":4,"column":137},"end":{"line":4,"column":181}}],"line":3},"47":{"loc":{"start":{"line":4,"column":239},"end":{"line":5,"column":199}},"type":"if","locations":[{"start":{"line":4,"column":239},"end":{"line":5,"column":199}},{"start":{},"end":{}}],"line":4},"48":{"loc":{"start":{"line":5,"column":3},"end":{"line":5,"column":152}},"type":"if","locations":[{"start":{"line":5,"column":3},"end":{"line":5,"column":152}},{"start":{},"end":{}}],"line":5},"49":{"loc":{"start":{"line":6,"column":64},"end":{"line":6,"column":82}},"type":"binary-expr","locations":[{"start":{"line":6,"column":64},"end":{"line":6,"column":74}},{"start":{"line":6,"column":77},"end":{"line":6,"column":81}}],"line":6},"50":{"loc":{"start":{"line":6,"column":766},"end":{"line":6,"column":842}},"type":"if","locations":[{"start":{"line":6,"column":766},"end":{"line":6,"column":842}},{"start":{},"end":{}}],"line":6},"51":{"loc":{"start":{"line":6,"column":906},"end":{"line":6,"column":985}},"type":"if","locations":[{"start":{"line":6,"column":906},"end":{"line":6,"column":985}},{"start":{},"end":{}}],"line":6},"52":{"loc":{"start":{"line":6,"column":1027},"end":{"line":6,"column":1058}},"type":"cond-expr","locations":[{"start":{"line":6,"column":1029},"end":{"line":6,"column":1044}},{"start":{"line":6,"column":1045},"end":{"line":6,"column":1058}}],"line":6},"53":{"loc":{"start":{"line":6,"column":1103},"end":{"line":6,"column":1182}},"type":"if","locations":[{"start":{"line":6,"column":1103},"end":{"line":6,"column":1182}},{"start":{},"end":{}}],"line":6},"54":{"loc":{"start":{"line":6,"column":1226},"end":{"line":6,"column":1258}},"type":"cond-expr","locations":[{"start":{"line":6,"column":1228},"end":{"line":6,"column":1244}},{"start":{"line":6,"column":1245},"end":{"line":6,"column":1258}}],"line":6},"55":{"loc":{"start":{"line":6,"column":1470},"end":{"line":6,"column":1482}},"type":"binary-expr","locations":[{"start":{"line":6,"column":1470},"end":{"line":6,"column":1471}},{"start":{"line":6,"column":1473},"end":{"line":6,"column":1482}}],"line":6},"56":{"loc":{"start":{"line":6,"column":1483},"end":{"line":6,"column":1513}},"type":"binary-expr","locations":[{"start":{"line":6,"column":1483},"end":{"line":6,"column":1484}},{"start":{"line":6,"column":148
[...]
":217}},{"start":{"line":9,"column":219},"end":{"line":9,"column":229}}],"line":9},"175":{"loc":{"start":{"line":9,"column":382},"end":{"line":9,"column":948}},"type":"if","locations":[{"start":{"line":9,"column":382},"end":{"line":9,"column":948}},{"start":{},"end":{}}],"line":9},"176":{"loc":{"start":{"line":9,"column":454},"end":{"line":9,"column":486}},"type":"binary-expr","locations":[{"start":{"line":9,"column":454},"end":{"line":9,"column":465}},{"start":{"line":9,"column":468},"end":{"line":9,"column":485}}],"line":9},"177":{"loc":{"start":{"line":9,"column":489},"end":{"line":9,"column":539}},"type":"binary-expr","locations":[{"start":{"line":9,"column":489},"end":{"line":9,"column":509}},{"start":{"line":9,"column":512},"end":{"line":9,"column":538}}],"line":9},"178":{"loc":{"start":{"line":9,"column":551},"end":{"line":9,"column":948}},"type":"if","locations":[{"start":{"line":9,"column":551},"end":{"line":9,"column":948}},{"start":{"line":9,"column":756},"end":{"line":9,"column":948}}],"line":9},"179":{"loc":{"start":{"line":9,"column":828},"end":{"line":9,"column":947}},"type":"if","locations":[{"start":{"line":9,"column":828},"end":{"line":9,"column":947}},{"start":{},"end":{}}],"line":9},"180":{"loc":{"start":{"line":9,"column":1065},"end":{"line":9,"column":1083}},"type":"binary-expr","locations":[{"start":{"line":9,"column":1065},"end":{"line":9,"column":1066}},{"start":{"line":9,"column":1068},"end":{"line":9,"column":1079}},{"start":{"line":9,"column":1081},"end":{"line":9,"column":1083}}],"line":9},"181":{"loc":{"start":{"line":9,"column":1360},"end":{"line":9,"column":1378}},"type":"binary-expr","locations":[{"start":{"line":9,"column":1360},"end":{"line":9,"column":1370}},{"start":{"line":9,"column":1373},"end":{"line":9,"column":1377}}],"line":9},"182":{"loc":{"start":{"line":9,"column":1476},"end":{"line":9,"column":1500}},"type":"binary-expr","locations":[{"start":{"line":9,"column":1476},"end":{"line":9,"column":1489}},{"start":{"line":9,"column":1491},"end":{"line":9,"column":1500}}],"line":9},"183":{"loc":{"start":{"line":9,"column":1533},"end":{"line":9,"column":1566}},"type":"binary-expr","locations":[{"start":{"line":9,"column":1533},"end":{"line":9,"column":1543}},{"start":{"line":9,"column":1545},"end":{"line":9,"column":1566}}],"line":9},"184":{"loc":{"start":{"line":9,"column":1602},"end":{"line":9,"column":1629}},"type":"binary-expr","locations":[{"start":{"line":9,"column":1602},"end":{"line":9,"column":1605}},{"start":{"line":9,"column":1607},"end":{"line":9,"column":1629}}],"line":9},"185":{"loc":{"start":{"line":9,"column":1636},"end":{"line":9,"column":1691}},"type":"cond-expr","locations":[{"start":{"line":9,"column":1647},"end":{"line":9,"column":1688}},{"start":{"line":9,"column":1689},"end":{"line":9,"column":1691}}],"line":9},"186":{"loc":{"start":{"line":9,"column":1720},"end":{"line":9,"column":1747}},"type":"binary-expr","locations":[{"start":{"line":9,"column":1720},"end":{"line":9,"column":1727}},{"start":{"line":9,"column":1729},"end":{"line":9,"column":1747}}],"line":9},"187":{"loc":{"start":{"line":9,"column":1799},"end":{"line":9,"column":1833}},"type":"binary-expr","locations":[{"start":{"line":9,"column":1799},"end":{"line":9,"column":1813}},{"start":{"line":9,"column":1815},"end":{"line":9,"column":1833}}],"line":9},"188":{"loc":{"start":{"line":9,"column":1834},"end":{"line":9,"column":1994}},"type":"cond-expr","locations":[{"start":{"line":9,"column":1845},"end":{"line":9,"column":1973}},{"start":{"line":9,"column":1974},"end":{"line":9,"column":1994}}],"line":9},"189":{"loc":{"start":{"line":9,"column":1845},"end":{"line":9,"column":1973}},"type":"cond-expr","locations":[{"start":{"line":9,"column":1854},"end":{"line":9,"column":1915}},{"start":{"line":9,"column":1916},"end":{"line":9,"column":1973}}],"line":9},"190":{"loc":{"start":{"line":9,"column":1878},"end":{"line":9,"column":1914}},"type":"cond-expr","locations":[{"start":{"line":9,"column":1890},"end":{"line":9,"column":1911}},{"start":{"line":9,"column":1912},"end":{"line":9,"column":1914}}],"line":9},"191":{"loc":{"start":{"line":9,"column":1995},"end":{"line":9,"column":2029}},"type":"binary-expr","locations":[{"start":{"line":9,"column":1995},"end":{"line":9,"column":2009}},{"start":{"line":9,"column":2011},"end":{"line":9,"column":2029}}],"line":9},"192":{"loc":{"start":{"line":9,"column":2032},"end":{"line":9,"column":2059}},"type":"binary-expr","locations":[{"start":{"line":9,"column":2032},"end":{"line":9,"column":2039}},{"start":{"line":9,"column":2041},"end":{"line":9,"column":2059}}],"line":9},"193":{"loc":{"start":{"line":9,"column":2068},"end":{"line":9,"column":2107}},"type":"cond-expr","locations":[{"start":{"line":9,"column":2075},"end":{"line":9,"column":2102}},{"start":{"line":9,"column":2103},"end":{"line":9,"column":2107}}],"line":9},"194":{"loc":{"start":{"line":9,"column":2158},"end":{"line":9,"column":2196}},"type":"cond-expr","locations":[{"start":{"line":9,"column":2165},"end":{"line":9,"column":2185}},{"start":{"line":9,"column":2186},"end":{"line":9,"column":2196}}],"line":9},"195":{"loc":{"start":{"line":9,"column":2256},"end":{"line":9,"column":2287}},"type":"cond-expr","locations":[{"start":{"line":9,"column":2273},"end":{"line":9,"column":2282}},{"start":{"line":9,"column":2283},"end":{"line":9,"column":2287}}],"line":9},"196":{"loc":{"start":{"line":9,"column":2507},"end":{"line":9,"column":2541}},"type":"binary-expr","locations":[{"start":{"line":9,"column":2507},"end":{"line":9,"column":2515}},{"start":{"line":9,"column":2518},"end":{"line":9,"column":2540}}],"line":9},"197":{"loc":{"start":{"line":9,"column":2518},"end":{"line":9,"column":2532}},"type":"binary-expr","locations":[{"start":{"line":9,"column":2518},"end":{"line":9,"column":2522}},{"start":{"line":9,"column":2525},"end":{"line":9,"column":2531}}],"line":9},"198":{"loc":{"start":{"line":9,"column":2544},"end":{"line":9,"column":2604}},"type":"binary-expr","locations":[{"start":{"line":9,"column":2544},"end":{"line":9,"column":2599}},{"start":{"line":9,"column":2601},"end":{"line":9,"column":2604}}],"line":9},"199":{"loc":{"start":{"line":9,"column":2648},"end":{"line":9,"column":2715}},"type":"if","locations":[{"start":{"line":9,"column":2648},"end":{"line":9,"column":2715}},{"start":{},"end":{}}],"line":9},"200":{"loc":{"start":{"line":9,"column":2651},"end":{"line":9,"column":2695}},"type":"binary-expr","locations":[{"start":{"line":9,"column":2651},"end":{"line":9,"column":2667}},{"start":{"line":9,"column":2670},"end":{"line":9,"column":2694}}],"line":9},"201":{"loc":{"start":{"line":9,"column":2721},"end":{"line":10,"column":1}},"type":"binary-expr","locations":[{"start":{"line":9,"column":2721},"end":{"line":9,"column":2732}},{"start":{"line":9,"column":2734},"end":{"line":10,"column":1}}],"line":9},"202":{"loc":{"start":{"line":10,"column":50},"end":{"line":10,"column":94}},"type":"cond-expr","locations":[{"start":{"line":10,"column":71},"end":{"line":10,"column":82}},{"start":{"line":10,"column":83},"end":{"line":10,"column":94}}],"line":10},"203":{"loc":{"start":{"line":10,"column":97},"end":{"line":10,"column":121}},"type":"binary-expr","locations":[{"start":{"line":10,"column":97},"end":{"line":10,"column":98}},{"start":{"line":10,"column":100},"end":{"line":10,"column":103}},{"start":{"line":10,"column":105},"end":{"line":10,"column":121}}],"line":10},"204":{"loc":{"start":{"line":11,"column":4},"end":{"line":11,"column":93}},"type":"binary-expr","locations":[{"start":{"line":11,"column":4},"end":{"line":11,"column":14}},{"start":{"line":11,"column":17},"end":{"line":11,"column":92}}],"line":11},"205":{"loc":{"start":{"line":11,"column":81},"end":{"line":11,"column":90}},"type":"cond-expr","locations":[{"start":{"line":11,"column":85},"end":{"line":11,"column":88}},{"start":{"line":11,"column":89},"end":{"line":11,"column":90}}],"line":11},"206":{"loc":{"start":{"line":11,"column":251},"end":{"line":11,"column":295}},"type":"cond-expr","locations":[{"start":{"line":11,"column":272},"end":{"line":11,"column":283}},{"start":{"line":11,"column":284},"end":{"line":11,"column":295}}],"line":11},"207":{"loc":{"start":{"line":11,"column":299},"end":{"line":11,"column":307}},"type":"cond-expr","locations":[{"start":{"line":11,"column":303},"end":{"line":11,"column":304}},{"start":{"line":11,"column":305},"end":{"line":11,"column":307}}],"line":11},"208":{"loc":{"start":{"line":11,"column":410},"end":{"line":11,"column":506}},"type":"binary-expr","locations":[{"start":{"line":11,"column":410},"end":{"line":11,"column":427}},{"start":{"line":11,"column":429},"end":{"line":11,"column":446}},{"start":{"line":11,"column":448},"end":{"line":11,"column":506}}],"line":11},"209":{"loc":{"start":{"line":11,"column":814},"end":{"line":11,"column":822}},"type":"binary-expr","locations":[{"start":{"line":11,"column":814},"end":{"line":11,"column":815}},{"start":{"line":11,"column":817},"end":{"line":11,"column":822}}],"line":11},"210":{"loc":{"start":{"line":11,"column":829},"end":{"line":11,"column":964}},"type":"if","locations":[{"start":{"line":11,"column":829},"end":{"line":11,"column":964}},{"start":{},"end":{}}],"line":11},"211":{"loc":{"start":{"line":11,"column":894},"end":{"line":11,"column":926}},"type":"if","locations":[{"start":{"line":11,"column":894},"end":{"line":11,"column":926}},{"start":{},"end":{}}],"line":11},"212":{"loc":{"start":{"line":11,"column":1027},"end":{"line":11,"column":1035}},"type":"binary-expr","locations":[{"start":{"line":11,"column":1027},"end":{"line":11,"column":1028}},{"start":{"line":11,"column":1030},"end":{"line":11,"column":1035}}],"line":11},"213":{"loc":{"start":{"line":11,"column":1072},"end":{"line":11,"column":1141}},"type":"if","locations":[{"start":{"line":11,"column":1072},"end":{"line":11,"column":1141}},{"start":{},"end":{}}],"line":11},"214":{"loc":{"start":{"line":11,"column":1272},"end":{"line":11,"column":1300}},"type":"cond-expr","locations":[{"start":{"line":11,"column":1293},"end":{"line":11,"column":1294}},{"start":{"line":11,"column":1295},"end":{"line":11,"column":1300}}],"line":11},"215":{"loc":{"start":{"line":11,"column":1340},"end":{"line":11,"column":1395}},"type":"cond-expr","locations":[{"start":{"line":11,"column":1349},"end":{"line":11,"column":1375}},{"start":{"line":11,"column":1376},"end":{"line":11,"column":1395}}],"line":11},"216":{"loc":{"start":{"line":11,"column":1568},"end":{"line":11,"column":1751}},"type":"binary-expr","locations":[{"start":{"line":11,"column":1568},"end":{"line":11,"column":1577}},{"start":{"line":11,"column":1580},"end":{"line":11,"column":1750}}],"line":11},"217":{"loc":{"start":{"line":11,"column":1580},"end":{"line":11,"column":1750}},"type":"cond-expr","locations":[{"start":{"line":11,"column":1642},"end":{"line":11,"column":1738}},{"start":{"line":11,"column":1739},"end":{"line":11,"column":1750}}],"line":11},"218":{"loc":{"start":{"line":11,"column":1927},"end":{"line":11,"column":1931}},"type":"default-arg","locations":[{"start":{"line":11,"column":1929},"end":{"line":11,"column":1931}}],"line":11},"219":{"loc":{"start":{"line":11,"column":2323},"end":{"line":11,"column":2342}},"type":"cond-expr","locations":[{"start":{"line":11,"column":2325},"end":{"line":11,"column":2326}},{"start":{"line":11,"column":2327},"end":{"line":11,"column":2342}}],"line":11},"220":{"loc":{"start":{"line":11,"column":2350},"end":{"line":11,"column":2381}},"type":"cond-expr","locations":[{"start":{"line":11,"column":2372},"end":{"line":11,"column":2376}},{"start":{"line":11,"column":2377},"end":{"line":11,"column":2381}}],"line":11}},"s":{"0":1,"1":2,"2":2,"3":1,"4":1,"5":1,"6":1,"7":1,"8":1,"9":1,"10":65,"11":0,"12":0,"13":0,"14":0,"15":0,"16":0,"17":0,"18":0,"19":0,"20":0,"21":0,"22":0,"23":0,"24":0,"25":0,"26":0,"27":0,"28":0,"29":0,"30":0,"31":0,"32":0,"33":0,"34":0,"35":0,"36":0,"37":0,"38":0,"39":0,"40":0,"41":0,"42":0,"43":0,"44":0,"45":0,"46":0,"47":0,"48":0,"49":0,"50":0,"51":0,"52":0,"53":0,"54":0,"55":0,"56":0,"57":0,"58":0,"59":1,"60":1,"61":1,"62":1,"63":0,"64":1,"65":0,"66":1,"67":0,"68":1,"69":0,"70":1,"71":0,"72":1,"73":0,"74":1,"75":0,"76":0,"77":1,"78":0,"79":1,"80":0,"81":0,"82":0,"83":1,"84":0,"85":0,"86":0,"87":1,"88":0,"89":1,"90":0,"91":1,"92":0,"93":1,"94":0,"95":0,"96":0,"97":0,"98":0,"99":0,"100":1,"101":0,"102":1,"103":0,"104":0,"105":0,"106":0,"107":0,"108":0,"109":0,"110":1,"111":0,"112":0,"113":0,"114":0,"115":0,"116":0,"117":0,"118":1,"119":0,"120":1,"121":0,"122":0,"123":1,"124":0,"125":1,"126":0,"127":1,"128":0,"129":0,"130":0,"131":0,"132":0,"133":0,"134":0,"135":0,"136":0,"137":0,"138":0,"139":0,"140":0,"141":0,"142":0,"143":0,"144":0,"145":0,"146":0,"147":0,"148":0,"149":0,"150":0,"151":1,"152":0,"153":0,"154":0,"155":0,"156":0,"157":0,"158":0,"159":0,"160":0,"161":0,"162":0,"163":0,"164":0,"165":0,"166":0,"167":0,"168":1,"169":0,"170":1,"171":0,"172":0,"173":0,"174":0,"175":0,"176":1,"177":0,"178":0,"179":0,"180":0,"181":0,"182":1,"183":0,"184":0,"185":0,"186":0,"187":0,"188":0,"189":0,"190":0,"191":1,"192":1,"193":1,"194":0,"195":0,"196":0,"197":1,"198":0,"199":1,"200":0,"201":0,"202":0,"203":1,"204":0,"205":0,"206":0,"207":0,"208":0,"209":1,"210":0,"211":0,"212":0,"213":0,"214":0,"215":1,"216":0,"217":0,"218":0,"219":0,"220":0,"221":0,"222":0,"223":0,"224":0,"225":1,"226":0,"227":0,"228":0,"229":0,"230":0,"231":0,"232":0,"233":0,"234":0,"235":1,"236":0,"237":1,"238":0,"239":1,"240":0,"241":0,"242":0,"243":0,"244":0,"245":0,"246":0,"247":0,"248":0,"249":0,"250":0,"251":0,"252":0,"253":0,"254":0,"255":0,"256":0,"257":0,"258":0,"259":0,"260":0,"261":0,"262":0,"263":0,"264":0,"265":0,"266":0,"267":0,"268":1,"269":0,"270":1,"271":0,"272":1,"273":0,"274":1,"275":0,"276":0,"277":0,"278":0,"279":0,"280":0,"281":0,"282":0,"283":0,"284":0,"285":0,"286":0,"287":1,"288":0,"289":0,"290":0,"291":0,"292":0,"293":0,"294":0,"295":0,"296":0,"297":0,"298":0,"299":0,"300":0,"301":0,"302":0,"303":0,"304":0,"305":0,"306":0,"307":0,"308":0,"309":0,"310":0,"311":0,"312":0,"313":0,"314":0,"315":0,"316":0,"317":1,"318":0,"319":0,"320":0,"321":1,"322":0,"323":0,"324":0,"325":0,"326":0,"327":1,"328":0,"329":0,"330":0,"331":0,"332":0,"333":1,"334":0,"335":0,"336":0,"337":0,"338":0,"339":0,"340":0,"341":0,"342":0,"343":0,"344":0,"345":0,"346":0,"347":0,"348":0,"349":1,"350":0,"351":0,"352":0,"353":0,"354":0,"355":0,"356":0,"357":0,"358":0,"359":0,"360":0,"361":1,"362":0,"363":0,"364":0,"365":0,"366":0,"367":0,"368":0,"369":0,"370":0,"371":0,"372":0,"373":0,"374":0,"375":0,"376":0,"377":0,"378":0,"379":0,"380":0,"381":1,"382":0,"383":0,"384":0,"385":0,"386":0,"387":0,"388":0,"389":0,"390":0,"391":0,"392":0,"393":0,"394":0,"395":0,"396":0,"397":0,"398":0,"399":0,"400":0,"401":0,"402":0,"403":0,"404":0,"405":0,"406":1,"407":0,"408":0,"409":1,"410":0,"411":0,"412":0,"413":0,"414":0,"415":0,"416":0,"417":1,"418":0,"419":0,"420":0,"421":0,"422":0,"423":1,"424":0,"425":0,"426":0,"427":0,"428":0,"429":1,"430":0,"431":0,"432":0,"433":0,"434":0,"435":1,"436":0,"437":0,"438":0,"439":0,"440":0,"441":1,"442":0,"443":1,"444":0,"445":1,"446":0,"447":0,"448":0,"449":0,"450":0,"451":0,"452":0,"453":0,"454":0,"455":0,"456":0,"457":1,"458":0,"459":1,"460":0,"461":0,"462":0,"463":0,"464":0,"465":0,"466":0,"467":0,"468":0,"469":0,"470":0,"471":1,"472":0,"473":1,"474":1,"475":0,"476":1,"477":0,"478":0,"479":0,"480":0,"481":0,"482":0,"483":0,"484":0,"485":0,"486":0,"487":0,"488":0,"489":1,"490":0,"491":1,"492":0,"493":0,"494":0,"495":1,"496":0,"497":0,"498":0,"499":0,"500":0,"501":0,"502":0,"503":0,"504":0,"505":0,"506":0,"507":0,"508":0,"509":0,"510":0,"511":0,"512":0,"513":1,"514":0,"515":1,"516":0,"517":0,"518":0,"519":0,"520":0,"521":1,"522":0,"523":0,"524":0,"525":0,"526":0,"527":0,"528":0,"529":0,"530":0,"531":1,"532":0,"533":1,"534":0,"535":0,"536":0,"537":0,"538":0,"539":0,"540":1,"541":0,"542":0,"543":1,"544":0,"545":0,"546":1,"547":0,"548":1,"549":0,"550":1,"551":0,"552":0,"553":0,"554":0,"555":0,"556":0,"557":0,"558":1,"559":0,"560":0,"561":0,"562":0,"563":0,"564":0,"565":0,"566":1,"567":1,"568":1,"569":1,"570":1,"571":1,"572":1,"573":2,"574":0,"575":1,"576":1,"577":1,"578":1,"579":1,"580":2,"581":2,"582":1,"583":1,"584":1,"585":1,"586":1,"587":0,"588":0,"589":0,"590":0,"591":0,"592":0,"593":0,"594":1,"595":1,"596":1,"597":1,"598":1,"599":1,"600":1,"601":1,"602":1,"603":0,"604":0,"605":0,"606":0,"607":1},"f":{"0":2,"1":2,"2":1,"3":1,"4":1,"5":0,"6":0,"7":0,"8":0,"9":1,"10":0,"11":0,"12":0,"13":0,"14":0,"15":0,"16":0,"17":0,"18":0,"19":0,"20":0,"21":0,"22":0,"23":0,"24":0,"25":0,"26":0,"27":0,"28":0,"29":0,"30":0,"31":0,"32":0,"33":0,"34":0,"35":0,"36":0,"37":0,"38":0,"39":0,"40":0,"41":0,"42":0,"43":0,"44":0,"45":0,"46":0,"47":0,"48":0,"49":0,"50":0,"51":0,"52":0,"53":0,"54":0,"55":0,"56":0,"57":0,"58":0,"59":0,"60":0,"61":0,"62":0,"63":0,"64":0,"65":0,"66":0,"67":0,"68":0,"69":0,"70":0,"71":0,"72":0,"73":0,"74":0,"75":0,"76":0,"77":0,"78":0,"79":0,"80":0,"81":0,"82":0,"83":0,"84":0,"85":0,"86":0,"87":0,"88":0,"89":0,"90":0,"91":0,"92":0,"93":0,"94":0,"95":0,"96":0,"97":0,"98":0,"99":0,"100":0,"101":0,"102":0,"103":0,"104":0,"105":0,"106":0,"107":0,"108":0,"109":0,"110":0,"111":0,"112":0,"113":2,"114":0,"115":1,"116":1,"117":2,"118":1,"119":0,"120":1,"121":1,"122":0,"123":0,"124":0},"b":{"0":[2,2],"1":[1,0],"2":[1,1],"3":[0,0],"4":[0,0],"5":[0,0],"6":[0,0],"7":[0,0],"8":[0,0],"9":[0,0],"10":[0,0],"11":[0,0],"12":[0,0],"13":[0,0],"14":[0,0],"15":[0,0],"16":[0,0],"17":[0,0],"18":[0,0],"19":[0,0],"20":[0,0],"21":[0,0],"22":[0,0],"23":[0,0],"24":[0,0],"25":[0,0],"26":[0,0],"27":[0,0],"28":[0,0],"29":[0,0],"30":[0,0],"31":[0,0],"32":[0,0],"33":[0,0],"34":[1,0],"35":[1,1],"36":[0,0],"37":[0,0],"38":[0,0],"39":[0,0],"40":[0,0],"41":[0,0],"42":[0,0],"43":[0,0],"44":[0,0],"45":[0,0,0,0],"46":[0,0],"47":[0,0],"48":[0,0],"49":[0,0],"50":[0,0],"51":[0,0],"52":[0,0],"53":[0,0],"54":[0,0],"55":[0,0],"56":[0,0],"57":[0,0],"58":[0,0],"59":[0,0],"60":[0,0],"61":[0,0],"62":[0,0],"63":[0,0],"64":[0,0],"65":[0,0],"66":[0,0],"67":[0,0],"68":[0,0],"69":[0,0],"70":[0,0],"71":[0,0],"72":[0,0],"73":[0,0],"74":[0,0],"75":[0,0],"76":[0,0],"77":[0,0],"78":[0,0],"79":[0,0],"80":[0,0],"81":[0,0],"82":[0,0,0],"83":[0,0],"84":[0,0],"85":[0,0],"86":[0,0],"87":[0,0],"88":[0,0],"89":[0,0],"90":[0,0],"91":[0,0],"92":[0,0],"93":[0,0],"94":[0,0],"95":[0,0],"96":[0,0],"97":[0,0],"98":[0,0],"99":[0,0],"100":[0,0],"101":[0,0],"102":[0,0],"103":[0,0],"104":[0,0],"105":[0,0],"106":[0,0],"107":[0,0],"108":[0,0],"109":[0,0],"110":[0,0],"111":[0,0],"112":[0,0],"113":[0,0],"114":[0,0],"115":[0,0],"116":[0,0],"117":[0,0],"118":[0,0],"119":[0,0],"120":[0,0],"121":[0,0],"122":[0,0],"123":[0,0],"124":[0,0],"125":[0,0],"126":[0,0],"127":[0,0],"128":[0,0],"129":[0,0],"130":[0,0],"131":[0,0],"132":[0,0],"133":[0,0],"134":[0,0],"135":[0,0],"136":[0,0],"137":[0,0,0],"138":[0,0],"139":[0,0],"140":[0,0],"141":[0,0,0],"142":[0,0,0,0],"143":[0,0],"144":[0,0],"145":[0,0,0],"146":[0,0],"147":[0,0],"148":[0,0],"149":[0,0,0,0],"150":[0,0],"151":[0,0],"152":[0,0],"153":[0,0],"154":[0,0],"155":[0,0],"156":[0,0],"157":[0,0],"158":[0,0,0,0,0,0],"159":[0,0],"160":[0,0],"161":[0,0],"162":[0,0],"163":[0,0],"164":[0,0],"165":[0,0],"166":[0,0],"167":[0,0],"168":[0,0],"169":[0,0],"170":[0,0],"171":[0,0],"172":[0,0],"173":[0,0],"174":[0,0],"175":[0,0],"176":[0,0],"177":[0,0],"178":[0,0],"179":[0,0],"180":[0,0,0],"181":[0,0],"182":[0,0],"183":[0,0],"184":[0,0],"185":[0,0],"186":[0,0],"187":[0,0],"188":[0,0],"189":[0,0],"190":[0,0],"191":[0,0],"192":[0,0],"193":[0,0],"194":[0,0],"195":[0,0],"196":[0,0],"197":[0,0],"198":[0,0],"199":[0,0],"200":[0,0],"201":[0,0],"202":[0,0],"203":[0,0,0],"204":[0,0],"205":[0,0],"206":[0,0],"207":[0,0],"208":[0,0,0],"209":[0,0],"210":[0,0],"211":[0,0],"212":[0,0],"213":[0,0],"214":[0,2],"215":[0,1],"216":[1,0],"217":[0,0],"218":[0],"219":[0,0],"220":[0,0]},"_coverageSchema":"1a1c01bbd47fc00a2c39e90264f33305004495a9","hash":"db46672891d07039b298fe1cda24e575b449bb77"}
}
